TN:
SF:src/Theme.ts
FNF:0
FNH:0
DA:1,2
DA:2,2
DA:4,2
DA:8,2
DA:12,2
DA:78,2
DA:691,2
LF:7
LH:7
BRF:0
BRH:0
end_of_record
TN:
SF:src/test-utils.tsx
FN:4,(anonymous_2)
FN:10,(anonymous_3)
FNF:2
FNH:2
FNDA:6,(anonymous_2)
FNDA:5,(anonymous_3)
DA:1,1
DA:2,1
DA:4,6
DA:10,5
DA:12,1
LF:5
LH:5
BRF:0
BRH:0
end_of_record
TN:
SF:src/components/AccountCreated/index.tsx
FN:7,(anonymous_3)
FNF:1
FNH:1
FNDA:5,(anonymous_3)
DA:3,1
DA:4,1
DA:5,1
DA:7,1
DA:8,5
DA:9,5
DA:11,5
DA:36,1
LF:8
LH:8
BRF:0
BRH:0
end_of_record
TN:
SF:src/components/AccountCreated/style.ts
FN:3,(anonymous_0)
FNF:1
FNH:1
FNDA:5,(anonymous_0)
DA:1,1
DA:3,1
DA:4,5
LF:3
LH:3
BRF:0
BRH:0
end_of_record
TN:
SF:src/components/AlertConfirm/AlertConfirm.tsx
FN:22,AlertConfirm
FNF:1
FNH:1
FNDA:1,AlertConfirm
DA:1,1
DA:11,1
DA:12,1
DA:23,6
DA:24,1
DA:26,1
DA:43,1
LF:7
LH:7
BRF:0
BRH:0
end_of_record
TN:
SF:src/components/Attachment/AttachedDocument.tsx
FN:19,(anonymous_4)
FN:35,(anonymous_5)
FN:46,(anonymous_6)
FN:50,(anonymous_7)
FN:67,(anonymous_8)
FN:68,(anonymous_9)
FN:85,(anonymous_10)
FNF:7
FNH:0
FNDA:0,(anonymous_4)
FNDA:0,(anonymous_5)
FNDA:0,(anonymous_6)
FNDA:0,(anonymous_7)
FNDA:0,(anonymous_8)
FNDA:0,(anonymous_9)
FNDA:0,(anonymous_10)
DA:1,10
DA:2,10
DA:3,10
DA:4,10
DA:5,10
DA:6,10
DA:19,10
DA:25,0
DA:26,0
DA:27,0
DA:28,0
DA:29,0
DA:30,0
DA:31,0
DA:32,0
DA:33,0
DA:35,0
DA:36,0
DA:37,0
DA:38,0
DA:39,0
DA:40,0
DA:41,0
DA:42,0
DA:43,0
DA:46,0
DA:47,0
DA:50,0
DA:51,0
DA:53,0
DA:56,0
DA:59,0
DA:64,0
DA:67,0
DA:68,0
DA:85,0
DA:103,10
LF:37
LH:8
BRDA:31,0,0,0
BRDA:31,0,1,0
BRDA:52,1,0,0
BRDA:52,1,1,0
BRDA:52,1,2,0
BRDA:74,2,0,0
BRDA:74,2,1,0
BRDA:74,3,0,0
BRDA:74,3,1,0
BRDA:81,4,0,0
BRDA:81,4,1,0
BRDA:93,5,0,0
BRDA:93,5,1,0
BRF:13
BRH:0
end_of_record
TN:
SF:src/components/Attachment/index.tsx
FN:17,(anonymous_16)
FN:31,(anonymous_17)
FN:35,(anonymous_18)
FN:41,(anonymous_21)
FN:50,(anonymous_22)
FN:55,(anonymous_23)
FN:98,(anonymous_24)
FN:104,(anonymous_25)
FNF:8
FNH:1
FNDA:22,(anonymous_16)
FNDA:0,(anonymous_17)
FNDA:0,(anonymous_18)
FNDA:0,(anonymous_21)
FNDA:0,(anonymous_22)
FNDA:0,(anonymous_23)
FNDA:0,(anonymous_24)
FNDA:0,(anonymous_25)
DA:1,10
DA:2,10
DA:3,10
DA:4,10
DA:5,10
DA:6,10
DA:17,10
DA:18,22
DA:19,22
DA:20,22
DA:21,22
DA:22,22
DA:23,22
DA:25,22
DA:26,22
DA:27,22
DA:28,22
DA:29,22
DA:31,22
DA:32,0
DA:35,22
DA:36,0
DA:37,0
DA:41,22
DA:42,0
DA:43,0
DA:47,22
DA:50,0
DA:55,0
DA:98,0
DA:104,0
DA:123,10
LF:32
LH:23
BRDA:36,0,0,0
BRDA:36,1,0,0
BRDA:36,1,1,0
BRDA:42,2,0,0
BRDA:42,2,1,0
BRDA:42,3,0,0
BRDA:42,3,1,0
BRDA:82,4,0,22
BRDA:82,4,1,0
BRDA:82,4,2,0
BRF:10
BRH:1
end_of_record
TN:
SF:src/components/Attachment/style.tsx
FN:4,(anonymous_0)
FNF:1
FNH:1
FNDA:9,(anonymous_0)
DA:1,10
DA:2,10
DA:4,10
DA:5,9
LF:4
LH:4
BRF:0
BRH:0
end_of_record
TN:
SF:src/components/Common/Beta.tsx
FN:10,(anonymous_2)
FNF:1
FNH:1
FNDA:26,(anonymous_2)
DA:2,2
DA:10,26
DA:11,26
DA:20,2
LF:4
LH:4
BRDA:10,0,0,26
BRDA:10,0,1,0
BRDA:10,1,0,26
BRDA:10,1,1,0
BRDA:10,2,0,26
BRDA:10,2,1,0
BRF:6
BRH:3
end_of_record
TN:
SF:src/components/CompaniesFilters/Basic.tsx
FN:28,(anonymous_4)
FN:54,(anonymous_5)
FN:56,(anonymous_6)
FN:71,(anonymous_7)
FN:85,(anonymous_8)
FN:97,(anonymous_9)
FN:98,(anonymous_10)
FN:109,(anonymous_11)
FN:116,(anonymous_12)
FN:119,(anonymous_13)
FN:122,(anonymous_14)
FN:138,(anonymous_15)
FN:141,(anonymous_16)
FN:144,(anonymous_17)
FN:153,(anonymous_18)
FN:154,(anonymous_19)
FN:170,(anonymous_20)
FN:183,(anonymous_21)
FN:185,(anonymous_22)
FN:186,(anonymous_23)
FN:187,(anonymous_24)
FN:188,(anonymous_25)
FN:189,(anonymous_26)
FN:190,(anonymous_27)
FN:206,(anonymous_28)
FN:208,(anonymous_29)
FN:222,(anonymous_30)
FN:224,(anonymous_31)
FN:239,(anonymous_32)
FN:241,(anonymous_33)
FN:256,(anonymous_34)
FN:258,(anonymous_35)
FN:277,(anonymous_36)
FN:291,(anonymous_37)
FN:310,(anonymous_38)
FN:326,(anonymous_39)
FN:340,(anonymous_40)
FN:358,(anonymous_41)
FN:372,(anonymous_42)
FN:390,(anonymous_43)
FN:404,(anonymous_44)
FN:459,(anonymous_45)
FN:461,(anonymous_46)
FN:462,(anonymous_47)
FN:466,(anonymous_48)
FN:467,(anonymous_49)
FN:472,(anonymous_50)
FN:490,(anonymous_51)
FN:492,(anonymous_52)
FN:507,(anonymous_53)
FN:517,(anonymous_54)
FN:528,(anonymous_55)
FNF:52
FNH:8
FNDA:0,(anonymous_4)
FNDA:0,(anonymous_5)
FNDA:0,(anonymous_6)
FNDA:0,(anonymous_7)
FNDA:0,(anonymous_8)
FNDA:0,(anonymous_9)
FNDA:0,(anonymous_10)
FNDA:0,(anonymous_11)
FNDA:0,(anonymous_12)
FNDA:0,(anonymous_13)
FNDA:0,(anonymous_14)
FNDA:0,(anonymous_15)
FNDA:0,(anonymous_16)
FNDA:0,(anonymous_17)
FNDA:0,(anonymous_18)
FNDA:0,(anonymous_19)
FNDA:0,(anonymous_20)
FNDA:0,(anonymous_21)
FNDA:0,(anonymous_22)
FNDA:0,(anonymous_23)
FNDA:0,(anonymous_24)
FNDA:0,(anonymous_25)
FNDA:0,(anonymous_26)
FNDA:0,(anonymous_27)
FNDA:0,(anonymous_28)
FNDA:0,(anonymous_29)
FNDA:0,(anonymous_30)
FNDA:0,(anonymous_31)
FNDA:0,(anonymous_32)
FNDA:0,(anonymous_33)
FNDA:0,(anonymous_34)
FNDA:0,(anonymous_35)
FNDA:0,(anonymous_36)
FNDA:0,(anonymous_37)
FNDA:0,(anonymous_38)
FNDA:0,(anonymous_39)
FNDA:0,(anonymous_40)
FNDA:0,(anonymous_41)
FNDA:0,(anonymous_42)
FNDA:0,(anonymous_43)
FNDA:0,(anonymous_44)
FNDA:7,(anonymous_45)
FNDA:15,(anonymous_46)
FNDA:15,(anonymous_47)
FNDA:3,(anonymous_48)
FNDA:0,(anonymous_49)
FNDA:0,(anonymous_50)
FNDA:1,(anonymous_51)
FNDA:0,(anonymous_52)
FNDA:1,(anonymous_53)
FNDA:1,(anonymous_54)
FNDA:1,(anonymous_55)
DA:1,1
DA:2,1
DA:3,1
DA:4,1
DA:24,1
DA:25,1
DA:26,1
DA:28,1
DA:29,0
DA:30,0
DA:54,1
DA:55,0
DA:56,0
DA:58,0
DA:59,0
DA:60,0
DA:72,0
DA:86,0
DA:97,1
DA:98,0
DA:99,0
DA:100,0
DA:102,0
DA:109,0
DA:117,0
DA:118,0
DA:119,0
DA:120,0
DA:121,0
DA:122,0
DA:123,0
DA:125,0
DA:126,0
DA:127,0
DA:128,0
DA:130,0
DA:131,0
DA:135,0
DA:139,0
DA:140,0
DA:141,0
DA:142,0
DA:144,0
DA:145,0
DA:153,1
DA:154,0
DA:155,0
DA:156,0
DA:158,0
DA:170,0
DA:183,1
DA:185,0
DA:186,0
DA:187,0
DA:188,0
DA:189,0
DA:190,0
DA:192,0
DA:193,0
DA:195,0
DA:207,0
DA:208,0
DA:210,0
DA:223,0
DA:224,0
DA:226,0
DA:240,0
DA:241,0
DA:243,0
DA:257,0
DA:258,0
DA:260,0
DA:278,0
DA:292,0
DA:310,0
DA:327,0
DA:341,0
DA:359,0
DA:373,0
DA:391,0
DA:405,0
DA:459,1
DA:460,7
DA:461,15
DA:462,15
DA:463,7
DA:464,7
DA:466,7
DA:467,3
DA:469,3
DA:470,1
DA:471,2
DA:472,0
DA:474,3
DA:477,7
DA:491,1
DA:492,0
DA:494,1
DA:507,1
DA:517,1
DA:528,1
DA:538,1
LF:102
LH:31
BRDA:56,0,0,0
BRDA:56,0,1,0
BRDA:56,1,0,0
BRDA:56,1,1,0
BRDA:70,2,0,0
BRDA:70,2,1,0
BRDA:70,3,0,0
BRDA:70,3,1,0
BRDA:70,4,0,0
BRDA:70,4,1,0
BRDA:74,5,0,0
BRDA:74,5,1,0
BRDA:74,6,0,0
BRDA:74,6,1,0
BRDA:84,7,0,0
BRDA:84,7,1,0
BRDA:84,8,0,0
BRDA:84,8,1,0
BRDA:84,9,0,0
BRDA:84,9,1,0
BRDA:84,10,0,0
BRDA:84,10,1,0
BRDA:84,11,0,0
BRDA:84,11,1,0
BRDA:88,12,0,0
BRDA:88,12,1,0
BRDA:88,13,0,0
BRDA:88,13,1,0
BRDA:98,14,0,0
BRDA:98,14,1,0
BRDA:98,15,0,0
BRDA:98,15,1,0
BRDA:113,16,0,0
BRDA:113,16,1,0
BRDA:113,17,0,0
BRDA:113,17,1,0
BRDA:117,18,0,0
BRDA:117,18,1,0
BRDA:118,19,0,0
BRDA:118,19,1,0
BRDA:121,20,0,0
BRDA:121,20,1,0
BRDA:125,21,0,0
BRDA:125,21,1,0
BRDA:139,22,0,0
BRDA:139,22,1,0
BRDA:140,23,0,0
BRDA:140,23,1,0
BRDA:154,24,0,0
BRDA:154,24,1,0
BRDA:154,25,0,0
BRDA:154,25,1,0
BRDA:185,26,0,0
BRDA:185,26,1,0
BRDA:185,27,0,0
BRDA:185,27,1,0
BRDA:186,28,0,0
BRDA:186,28,1,0
BRDA:186,29,0,0
BRDA:186,29,1,0
BRDA:187,30,0,0
BRDA:187,30,1,0
BRDA:187,31,0,0
BRDA:187,31,1,0
BRDA:188,32,0,0
BRDA:188,32,1,0
BRDA:188,33,0,0
BRDA:188,33,1,0
BRDA:189,34,0,0
BRDA:189,34,1,0
BRDA:189,35,0,0
BRDA:189,35,1,0
BRDA:190,36,0,0
BRDA:190,36,1,0
BRDA:190,37,0,0
BRDA:190,37,1,0
BRDA:207,38,0,0
BRDA:207,38,1,0
BRDA:223,39,0,0
BRDA:223,39,1,0
BRDA:240,40,0,0
BRDA:240,40,1,0
BRDA:257,41,0,0
BRDA:257,41,1,0
BRDA:276,42,0,0
BRDA:276,42,1,0
BRDA:276,43,0,0
BRDA:276,43,1,0
BRDA:276,44,0,0
BRDA:276,44,1,0
BRDA:280,45,0,0
BRDA:280,45,1,0
BRDA:280,46,0,0
BRDA:280,46,1,0
BRDA:290,47,0,0
BRDA:290,47,1,0
BRDA:294,48,0,0
BRDA:294,48,1,0
BRDA:294,49,0,0
BRDA:294,49,1,0
BRDA:325,50,0,0
BRDA:325,50,1,0
BRDA:325,51,0,0
BRDA:325,51,1,0
BRDA:325,52,0,0
BRDA:325,52,1,0
BRDA:325,53,0,0
BRDA:325,53,1,0
BRDA:325,54,0,0
BRDA:325,54,1,0
BRDA:327,55,0,0
BRDA:327,55,1,0
BRDA:329,56,0,0
BRDA:329,56,1,0
BRDA:329,57,0,0
BRDA:329,57,1,0
BRDA:339,58,0,0
BRDA:339,58,1,0
BRDA:339,59,0,0
BRDA:339,59,1,0
BRDA:339,60,0,0
BRDA:339,60,1,0
BRDA:339,61,0,0
BRDA:339,61,1,0
BRDA:339,62,0,0
BRDA:339,62,1,0
BRDA:341,63,0,0
BRDA:341,63,1,0
BRDA:343,64,0,0
BRDA:343,64,1,0
BRDA:343,65,0,0
BRDA:343,65,1,0
BRDA:357,66,0,0
BRDA:357,66,1,0
BRDA:357,67,0,0
BRDA:357,67,1,0
BRDA:357,68,0,0
BRDA:357,68,1,0
BRDA:357,69,0,0
BRDA:357,69,1,0
BRDA:357,70,0,0
BRDA:357,70,1,0
BRDA:359,71,0,0
BRDA:359,71,1,0
BRDA:361,72,0,0
BRDA:361,72,1,0
BRDA:361,73,0,0
BRDA:361,73,1,0
BRDA:371,74,0,0
BRDA:371,74,1,0
BRDA:371,75,0,0
BRDA:371,75,1,0
BRDA:371,76,0,0
BRDA:371,76,1,0
BRDA:371,77,0,0
BRDA:371,77,1,0
BRDA:371,78,0,0
BRDA:371,78,1,0
BRDA:373,79,0,0
BRDA:373,79,1,0
BRDA:375,80,0,0
BRDA:375,80,1,0
BRDA:375,81,0,0
BRDA:375,81,1,0
BRDA:389,82,0,0
BRDA:389,82,1,0
BRDA:389,83,0,0
BRDA:389,83,1,0
BRDA:389,84,0,0
BRDA:389,84,1,0
BRDA:389,85,0,0
BRDA:389,85,1,0
BRDA:389,86,0,0
BRDA:389,86,1,0
BRDA:391,87,0,0
BRDA:391,87,1,0
BRDA:393,88,0,0
BRDA:393,88,1,0
BRDA:393,89,0,0
BRDA:393,89,1,0
BRDA:403,90,0,0
BRDA:403,90,1,0
BRDA:403,91,0,0
BRDA:403,91,1,0
BRDA:403,92,0,0
BRDA:403,92,1,0
BRDA:403,93,0,0
BRDA:403,93,1,0
BRDA:403,94,0,0
BRDA:403,94,1,0
BRDA:405,95,0,0
BRDA:405,95,1,0
BRDA:407,96,0,0
BRDA:407,96,1,0
BRDA:407,97,0,0
BRDA:407,97,1,0
BRDA:461,98,0,0
BRDA:461,98,1,15
BRDA:461,99,0,15
BRDA:461,99,1,15
BRDA:462,100,0,0
BRDA:462,100,1,15
BRDA:462,101,0,15
BRDA:462,101,1,15
BRDA:467,102,0,0
BRDA:467,102,1,3
BRDA:469,103,0,1
BRDA:469,103,1,2
BRDA:471,104,0,0
BRDA:471,104,1,2
BRDA:484,105,0,7
BRDA:484,105,1,7
BRDA:491,106,0,0
BRDA:491,106,1,1
BRF:214
BRH:13
end_of_record
TN:
SF:src/components/CompaniesFilters/BasicFilters/LocationFilters.tsx
FN:33,(anonymous_16)
FN:34,(anonymous_17)
FN:36,(anonymous_18)
FN:39,(anonymous_19)
FN:41,(anonymous_20)
FN:42,(anonymous_21)
FN:53,(anonymous_22)
FN:58,(anonymous_23)
FN:61,(anonymous_24)
FN:82,(anonymous_27)
FN:92,(anonymous_28)
FN:106,(anonymous_29)
FN:116,(anonymous_30)
FN:129,(anonymous_31)
FN:137,(anonymous_32)
FN:141,(anonymous_33)
FN:145,(anonymous_34)
FN:158,(anonymous_35)
FN:172,(anonymous_36)
FN:183,(anonymous_37)
FN:201,(anonymous_38)
FN:218,(anonymous_39)
FN:228,(anonymous_40)
FN:239,(anonymous_41)
FN:251,(anonymous_42)
FN:271,(anonymous_43)
FN:272,(anonymous_44)
FNF:27
FNH:10
FNDA:8,(anonymous_16)
FNDA:15,(anonymous_17)
FNDA:15,(anonymous_18)
FNDA:15,(anonymous_19)
FNDA:15,(anonymous_20)
FNDA:15,(anonymous_21)
FNDA:0,(anonymous_22)
FNDA:5,(anonymous_23)
FNDA:0,(anonymous_24)
FNDA:7,(anonymous_27)
FNDA:1,(anonymous_28)
FNDA:0,(anonymous_29)
FNDA:0,(anonymous_30)
FNDA:0,(anonymous_31)
FNDA:0,(anonymous_32)
FNDA:0,(anonymous_33)
FNDA:0,(anonymous_34)
FNDA:0,(anonymous_35)
FNDA:0,(anonymous_36)
FNDA:0,(anonymous_37)
FNDA:0,(anonymous_38)
FNDA:1,(anonymous_39)
FNDA:0,(anonymous_40)
FNDA:0,(anonymous_41)
FNDA:0,(anonymous_42)
FNDA:0,(anonymous_43)
FNDA:0,(anonymous_44)
DA:1,1
DA:14,1
DA:15,1
DA:16,1
DA:17,1
DA:18,1
DA:25,1
DA:26,1
DA:27,1
DA:28,1
DA:29,1
DA:30,1
DA:31,1
DA:33,8
DA:34,15
DA:35,8
DA:36,15
DA:38,8
DA:39,15
DA:41,15
DA:42,15
DA:43,8
DA:44,8
DA:45,8
DA:46,8
DA:47,8
DA:49,8
DA:50,8
DA:51,8
DA:52,8
DA:53,8
DA:54,8
DA:55,8
DA:56,8
DA:58,8
DA:59,5
DA:60,0
DA:61,0
DA:63,0
DA:64,0
DA:75,0
DA:78,0
DA:82,8
DA:83,7
DA:84,7
DA:85,7
DA:87,0
DA:89,7
DA:92,8
DA:93,1
DA:94,1
DA:95,1
DA:106,8
DA:107,0
DA:108,0
DA:109,0
DA:110,0
DA:111,0
DA:112,0
DA:116,8
DA:117,0
DA:118,0
DA:125,0
DA:126,0
DA:129,8
DA:130,0
DA:131,0
DA:132,0
DA:133,0
DA:134,0
DA:137,8
DA:138,0
DA:141,8
DA:142,0
DA:145,8
DA:146,0
DA:147,0
DA:158,8
DA:159,0
DA:162,8
DA:172,0
DA:184,0
DA:202,0
DA:218,1
DA:229,0
DA:230,0
DA:239,0
DA:251,0
DA:271,0
DA:273,0
DA:292,1
LF:91
LH:55
BRDA:33,0,0,8
BRDA:33,0,1,0
BRDA:34,1,0,0
BRDA:34,1,1,15
BRDA:34,2,0,15
BRDA:34,2,1,15
BRDA:36,3,0,0
BRDA:36,3,1,15
BRDA:36,4,0,15
BRDA:36,4,1,15
BRDA:36,5,0,0
BRDA:36,5,1,15
BRDA:36,6,0,15
BRDA:36,6,1,15
BRDA:39,7,0,0
BRDA:39,7,1,15
BRDA:39,8,0,15
BRDA:39,8,1,15
BRDA:39,9,0,0
BRDA:39,9,1,15
BRDA:39,10,0,15
BRDA:39,10,1,15
BRDA:41,11,0,0
BRDA:41,11,1,15
BRDA:41,12,0,15
BRDA:41,12,1,15
BRDA:42,13,0,0
BRDA:42,13,1,15
BRDA:42,14,0,15
BRDA:42,14,1,15
BRDA:43,15,0,0
BRDA:43,15,1,8
BRDA:46,16,0,0
BRDA:46,16,1,8
BRDA:59,17,0,0
BRDA:59,17,1,5
BRDA:59,18,0,5
BRDA:59,18,1,0
BRDA:59,18,2,0
BRDA:69,19,0,0
BRDA:69,19,1,0
BRDA:69,20,0,0
BRDA:69,20,1,0
BRDA:70,21,0,0
BRDA:70,21,1,0
BRDA:70,22,0,0
BRDA:70,22,1,0
BRDA:71,23,0,0
BRDA:71,23,1,0
BRDA:71,24,0,0
BRDA:71,24,1,0
BRDA:83,25,0,7
BRDA:83,25,1,0
BRDA:85,26,0,7
BRDA:85,26,1,0
BRDA:89,27,0,0
BRDA:89,27,1,7
BRDA:94,28,0,0
BRDA:94,28,1,1
BRDA:107,29,0,0
BRDA:107,29,1,0
BRDA:110,30,0,0
BRDA:110,30,1,0
BRDA:146,31,0,0
BRDA:146,31,1,0
BRDA:146,32,0,0
BRDA:146,32,1,0
BRDA:159,33,0,0
BRDA:159,33,1,0
BRDA:164,34,0,8
BRDA:164,34,1,8
BRDA:166,35,0,8
BRDA:166,35,1,0
BRDA:171,36,0,0
BRDA:171,36,1,8
BRDA:180,37,0,0
BRDA:180,37,1,0
BRDA:194,38,0,0
BRDA:194,38,1,0
BRDA:222,39,0,8
BRDA:222,39,1,0
BRDA:222,39,2,0
BRDA:238,40,0,8
BRDA:238,40,1,8
BRDA:240,41,0,0
BRDA:240,41,1,8
BRDA:240,42,0,8
BRDA:240,42,1,8
BRDA:243,43,0,0
BRDA:243,43,1,8
BRDA:243,44,0,8
BRDA:243,44,1,8
BRDA:252,45,0,8
BRDA:252,45,1,8
BRDA:253,46,0,8
BRDA:253,46,1,0
BRDA:253,47,0,8
BRDA:253,47,1,8
BRDA:258,48,0,8
BRDA:258,48,1,0
BRDA:258,49,0,8
BRDA:258,49,1,8
BRDA:265,50,0,1
BRDA:265,50,1,7
BRDA:264,51,0,8
BRDA:264,51,1,8
BRDA:266,52,0,1
BRDA:266,52,1,1
BRDA:266,52,2,0
BRDA:266,52,3,0
BRF:110
BRH:57
end_of_record
TN:
SF:src/components/CompaniesFilters/DiversityAndEmployees/BoardFilters.tsx
FN:6,(anonymous_2)
FN:8,(anonymous_3)
FN:22,(anonymous_4)
FN:36,(anonymous_5)
FNF:4
FNH:4
FNDA:5,(anonymous_2)
FNDA:10,(anonymous_3)
FNDA:2,(anonymous_4)
FNDA:2,(anonymous_5)
DA:1,1
DA:2,1
DA:3,1
DA:4,1
DA:6,1
DA:7,5
DA:8,10
DA:9,5
DA:11,5
DA:23,2
DA:37,2
DA:48,1
LF:12
LH:12
BRDA:8,0,0,0
BRDA:8,0,1,10
BRDA:8,1,0,10
BRDA:8,1,1,10
BRDA:21,2,0,5
BRDA:21,2,1,0
BRDA:21,3,0,0
BRDA:21,3,1,5
BRDA:21,4,0,5
BRDA:21,4,1,5
BRDA:21,5,0,0
BRDA:21,5,1,5
BRDA:21,6,0,5
BRDA:21,6,1,5
BRDA:25,7,0,0
BRDA:25,7,1,5
BRDA:25,8,0,5
BRDA:25,8,1,5
BRDA:35,9,0,5
BRDA:35,9,1,0
BRDA:35,10,0,0
BRDA:35,10,1,5
BRDA:35,11,0,5
BRDA:35,11,1,5
BRDA:35,12,0,0
BRDA:35,12,1,5
BRDA:35,13,0,5
BRDA:35,13,1,5
BRDA:39,14,0,0
BRDA:39,14,1,5
BRDA:39,15,0,5
BRDA:39,15,1,5
BRF:32
BRH:23
end_of_record
TN:
SF:src/components/CompaniesFilters/DiversityAndEmployees/DiversityAndEmployeesFilters.tsx
FN:12,(anonymous_2)
FNF:1
FNH:1
FNDA:2,(anonymous_2)
DA:1,1
DA:2,1
DA:3,1
DA:12,1
DA:13,2
DA:15,2
DA:45,1
LF:7
LH:7
BRF:0
BRH:0
end_of_record
TN:
SF:src/components/CompaniesFilters/DiversityAndEmployees/DiversityFilters.tsx
FN:11,(anonymous_4)
FN:13,(anonymous_5)
FN:15,(anonymous_6)
FN:18,(anonymous_7)
FN:27,(anonymous_8)
FN:40,(anonymous_9)
FN:41,(anonymous_10)
FN:48,(anonymous_11)
FN:49,(anonymous_12)
FNF:9
FNH:7
FNDA:6,(anonymous_4)
FNDA:9,(anonymous_5)
FNDA:1,(anonymous_6)
FNDA:0,(anonymous_7)
FNDA:9,(anonymous_8)
FNDA:6,(anonymous_9)
FNDA:1,(anonymous_10)
FNDA:3,(anonymous_11)
FNDA:0,(anonymous_12)
DA:1,1
DA:2,1
DA:3,1
DA:4,1
DA:5,1
DA:6,1
DA:7,1
DA:9,1
DA:11,1
DA:12,6
DA:13,9
DA:14,6
DA:15,6
DA:17,1
DA:18,0
DA:20,1
DA:22,6
DA:25,6
DA:27,9
DA:29,6
DA:30,6
DA:31,6
DA:33,6
DA:40,6
DA:41,1
DA:48,3
DA:49,0
DA:60,1
LF:28
LH:26
BRDA:13,0,0,0
BRDA:13,0,1,9
BRDA:13,1,0,9
BRDA:13,1,1,9
BRDA:18,2,0,0
BRDA:18,2,1,1
BRDA:27,3,0,3
BRDA:27,3,1,3
BRDA:25,4,0,6
BRDA:25,4,1,6
BRDA:26,5,0,3
BRDA:26,5,1,3
BRDA:25,6,0,6
BRDA:25,6,1,6
BRDA:26,7,0,3
BRDA:26,7,1,3
BRDA:25,8,0,6
BRDA:25,8,1,6
BRDA:26,9,0,3
BRDA:26,9,1,3
BRDA:26,10,0,6
BRDA:26,10,1,6
BRF:22
BRH:20
end_of_record
TN:
SF:src/components/CompaniesFilters/DiversityAndEmployees/EmployeeGrowthFilters.tsx
FN:6,(anonymous_2)
FN:9,(anonymous_3)
FN:24,(anonymous_4)
FN:38,(anonymous_5)
FNF:4
FNH:4
FNDA:5,(anonymous_2)
FNDA:10,(anonymous_3)
FNDA:2,(anonymous_4)
FNDA:2,(anonymous_5)
DA:1,1
DA:2,1
DA:3,1
DA:4,1
DA:6,1
DA:7,5
DA:8,5
DA:9,10
DA:11,5
DA:13,5
DA:25,2
DA:39,2
DA:50,1
LF:13
LH:13
BRDA:9,0,0,0
BRDA:9,0,1,10
BRDA:9,1,0,10
BRDA:9,1,1,10
BRDA:23,2,0,5
BRDA:23,2,1,0
BRDA:23,3,0,0
BRDA:23,3,1,5
BRDA:23,4,0,5
BRDA:23,4,1,5
BRDA:23,5,0,0
BRDA:23,5,1,5
BRDA:23,6,0,5
BRDA:23,6,1,5
BRDA:27,7,0,0
BRDA:27,7,1,5
BRDA:27,8,0,5
BRDA:27,8,1,5
BRDA:37,9,0,5
BRDA:37,9,1,0
BRDA:37,10,0,0
BRDA:37,10,1,5
BRDA:37,11,0,5
BRDA:37,11,1,5
BRDA:37,12,0,0
BRDA:37,12,1,5
BRDA:37,13,0,5
BRDA:37,13,1,5
BRDA:41,14,0,0
BRDA:41,14,1,5
BRDA:41,15,0,5
BRDA:41,15,1,5
BRF:32
BRH:23
end_of_record
TN:
SF:src/components/CompaniesFilters/DiversityAndEmployees/EmployeesFilters.tsx
FN:13,(anonymous_2)
FN:15,(anonymous_3)
FN:17,(anonymous_4)
FN:35,(anonymous_5)
FN:49,(anonymous_6)
FN:66,(anonymous_7)
FN:81,(anonymous_8)
FNF:7
FNH:7
FNDA:7,(anonymous_2)
FNDA:14,(anonymous_3)
FNDA:14,(anonymous_4)
FNDA:2,(anonymous_5)
FNDA:1,(anonymous_6)
FNDA:1,(anonymous_7)
FNDA:2,(anonymous_8)
DA:1,1
DA:2,1
DA:3,1
DA:4,1
DA:13,1
DA:14,7
DA:15,14
DA:16,7
DA:17,14
DA:19,7
DA:21,7
DA:36,2
DA:50,1
DA:67,1
DA:82,2
DA:93,1
LF:16
LH:16
BRDA:15,0,0,0
BRDA:15,0,1,14
BRDA:15,1,0,14
BRDA:15,1,1,14
BRDA:17,2,0,0
BRDA:17,2,1,14
BRDA:17,3,0,14
BRDA:17,3,1,14
BRDA:34,4,0,7
BRDA:34,4,1,0
BRDA:34,5,0,0
BRDA:34,5,1,7
BRDA:34,6,0,7
BRDA:34,6,1,7
BRDA:34,7,0,0
BRDA:34,7,1,7
BRDA:34,8,0,7
BRDA:34,8,1,7
BRDA:36,9,0,2
BRDA:36,9,1,0
BRDA:38,10,0,0
BRDA:38,10,1,7
BRDA:38,11,0,7
BRDA:38,11,1,7
BRDA:48,12,0,7
BRDA:48,12,1,0
BRDA:48,13,0,0
BRDA:48,13,1,7
BRDA:48,14,0,7
BRDA:48,14,1,7
BRDA:48,15,0,0
BRDA:48,15,1,7
BRDA:48,16,0,7
BRDA:48,16,1,7
BRDA:52,17,0,0
BRDA:52,17,1,7
BRDA:52,18,0,7
BRDA:52,18,1,7
BRDA:65,19,0,7
BRDA:65,19,1,0
BRDA:65,20,0,0
BRDA:65,20,1,7
BRDA:65,21,0,7
BRDA:65,21,1,7
BRDA:65,22,0,0
BRDA:65,22,1,7
BRDA:65,23,0,7
BRDA:65,23,1,7
BRDA:69,24,0,0
BRDA:69,24,1,7
BRDA:69,25,0,7
BRDA:69,25,1,7
BRDA:80,26,0,7
BRDA:80,26,1,0
BRDA:80,27,0,0
BRDA:80,27,1,7
BRDA:80,28,0,7
BRDA:80,28,1,7
BRDA:80,29,0,0
BRDA:80,29,1,7
BRDA:80,30,0,7
BRDA:80,30,1,7
BRDA:84,31,0,0
BRDA:84,31,1,7
BRDA:84,32,0,7
BRDA:84,32,1,7
BRF:66
BRH:47
end_of_record
TN:
SF:src/components/CompaniesFilters/DiversityAndEmployees/LeadershipFilters.tsx
FN:11,(anonymous_2)
FN:14,(anonymous_3)
FN:29,(anonymous_4)
FN:43,(anonymous_5)
FNF:4
FNH:4
FNDA:3,(anonymous_2)
FNDA:6,(anonymous_3)
FNDA:1,(anonymous_4)
FNDA:1,(anonymous_5)
DA:1,1
DA:2,1
DA:3,1
DA:4,1
DA:11,1
DA:12,3
DA:13,3
DA:14,6
DA:16,3
DA:18,3
DA:30,1
DA:44,1
DA:55,1
LF:13
LH:13
BRDA:14,0,0,0
BRDA:14,0,1,6
BRDA:14,1,0,6
BRDA:14,1,1,6
BRDA:28,2,0,3
BRDA:28,2,1,0
BRDA:28,3,0,0
BRDA:28,3,1,3
BRDA:28,4,0,3
BRDA:28,4,1,3
BRDA:28,5,0,0
BRDA:28,5,1,3
BRDA:28,6,0,3
BRDA:28,6,1,3
BRDA:32,7,0,0
BRDA:32,7,1,3
BRDA:32,8,0,3
BRDA:32,8,1,3
BRDA:42,9,0,3
BRDA:42,9,1,0
BRDA:42,10,0,0
BRDA:42,10,1,3
BRDA:42,11,0,3
BRDA:42,11,1,3
BRDA:42,12,0,0
BRDA:42,12,1,3
BRDA:42,13,0,3
BRDA:42,13,1,3
BRDA:46,14,0,0
BRDA:46,14,1,3
BRDA:46,15,0,3
BRDA:46,15,1,3
BRF:32
BRH:23
end_of_record
TN:
SF:src/components/CompaniesFilters/DiversityAndEmployees/MinorityFilters.tsx
FN:11,(anonymous_4)
FN:13,(anonymous_5)
FN:15,(anonymous_6)
FN:18,(anonymous_7)
FN:38,(anonymous_8)
FN:43,(anonymous_9)
FN:51,(anonymous_10)
FN:56,(anonymous_11)
FNF:8
FNH:6
FNDA:4,(anonymous_4)
FNDA:6,(anonymous_5)
FNDA:1,(anonymous_6)
FNDA:0,(anonymous_7)
FNDA:4,(anonymous_8)
FNDA:1,(anonymous_9)
FNDA:2,(anonymous_10)
FNDA:0,(anonymous_11)
DA:1,1
DA:2,1
DA:3,1
DA:4,1
DA:5,1
DA:6,1
DA:7,1
DA:9,1
DA:11,1
DA:12,4
DA:13,6
DA:14,4
DA:15,4
DA:17,1
DA:18,0
DA:20,1
DA:22,4
DA:25,4
DA:27,4
DA:28,4
DA:29,4
DA:31,4
DA:38,4
DA:43,1
DA:51,2
DA:56,0
DA:68,1
LF:27
LH:25
BRDA:13,0,0,0
BRDA:13,0,1,6
BRDA:13,1,0,6
BRDA:13,1,1,6
BRDA:18,2,0,0
BRDA:18,2,1,1
BRDA:25,3,0,2
BRDA:25,3,1,2
BRDA:25,4,0,4
BRDA:25,4,1,4
BRDA:25,5,0,2
BRDA:25,5,1,2
BRDA:25,6,0,4
BRDA:25,6,1,4
BRDA:43,7,0,0
BRDA:43,7,1,1
BRDA:43,8,0,1
BRDA:43,8,1,1
BRDA:45,9,0,0
BRDA:45,9,1,4
BRDA:45,10,0,4
BRDA:45,10,1,4
BRDA:46,11,0,0
BRDA:46,11,1,4
BRDA:46,12,0,4
BRDA:46,12,1,4
BRDA:42,13,0,0
BRDA:42,13,1,4
BRDA:42,14,0,4
BRDA:42,14,1,4
BRDA:56,15,0,0
BRDA:56,15,1,0
BRDA:56,16,0,0
BRDA:56,16,1,0
BRDA:58,17,0,0
BRDA:58,17,1,2
BRDA:58,18,0,2
BRDA:58,18,1,2
BRDA:59,19,0,0
BRDA:59,19,1,2
BRDA:59,20,0,2
BRDA:59,20,1,2
BRDA:55,21,0,0
BRDA:55,21,1,2
BRDA:55,22,0,2
BRDA:55,22,1,2
BRF:46
BRH:33
end_of_record
TN:
SF:src/components/CompaniesFilters/DiversityAndEmployees/index.ts
FN:1,(anonymous_1)
FN:2,(anonymous_2)
FN:3,(anonymous_3)
FN:4,(anonymous_4)
FN:5,(anonymous_5)
FN:6,(anonymous_6)
FNF:6
FNH:6
FNDA:2,(anonymous_1)
FNDA:2,(anonymous_2)
FNDA:2,(anonymous_3)
FNDA:2,(anonymous_4)
FNDA:2,(anonymous_5)
FNDA:2,(anonymous_6)
DA:1,3
DA:2,3
DA:3,3
DA:4,3
DA:5,3
DA:6,3
LF:6
LH:6
BRF:0
BRH:0
end_of_record
TN:
SF:src/components/CompaniesMapTable/index.tsx
FN:27,(anonymous_3)
FN:31,(anonymous_4)
FN:32,(anonymous_5)
FN:39,(anonymous_6)
FN:59,(anonymous_7)
FN:60,(anonymous_8)
FN:80,(anonymous_9)
FN:85,(anonymous_10)
FN:87,(anonymous_11)
FN:92,(anonymous_12)
FN:101,(anonymous_13)
FN:133,(anonymous_14)
FN:159,(anonymous_15)
FN:166,(anonymous_16)
FNF:14
FNH:5
FNDA:4,(anonymous_3)
FNDA:2,(anonymous_4)
FNDA:1,(anonymous_5)
FNDA:3,(anonymous_6)
FNDA:1,(anonymous_7)
FNDA:0,(anonymous_8)
FNDA:0,(anonymous_9)
FNDA:0,(anonymous_10)
FNDA:0,(anonymous_11)
FNDA:0,(anonymous_12)
FNDA:0,(anonymous_13)
FNDA:0,(anonymous_14)
FNDA:0,(anonymous_15)
FNDA:0,(anonymous_16)
DA:1,1
DA:17,1
DA:18,1
DA:19,1
DA:20,1
DA:21,1
DA:22,1
DA:23,1
DA:24,1
DA:25,1
DA:26,1
DA:27,1
DA:28,4
DA:29,3
DA:31,3
DA:32,2
DA:33,1
DA:35,1
DA:39,3
DA:40,3
DA:41,1
DA:43,2
DA:47,3
DA:59,1
DA:61,0
DA:62,0
DA:65,0
DA:80,1
DA:81,0
DA:83,0
DA:84,0
DA:85,0
DA:86,0
DA:87,0
DA:88,0
DA:92,0
DA:101,0
DA:126,0
DA:133,0
DA:159,0
DA:166,0
DA:190,1
LF:42
LH:26
BRDA:32,0,0,1
BRDA:32,0,1,1
BRDA:32,1,0,1
BRDA:32,1,1,1
BRDA:32,2,0,2
BRDA:32,2,1,2
BRDA:32,3,0,0
BRDA:32,3,1,1
BRDA:32,4,0,1
BRDA:32,4,1,1
BRDA:40,5,0,1
BRDA:40,5,1,2
BRDA:51,6,0,1
BRDA:51,6,1,2
BRDA:58,7,0,1
BRDA:58,7,1,1
BRDA:58,8,0,2
BRDA:58,8,1,2
BRDA:60,9,0,1
BRDA:60,9,1,0
BRDA:59,10,0,1
BRDA:59,10,1,1
BRDA:60,11,0,1
BRDA:60,11,1,0
BRDA:59,12,0,1
BRDA:59,12,1,1
BRDA:62,13,0,0
BRDA:62,13,1,0
BRDA:62,14,0,0
BRDA:62,14,1,0
BRDA:63,15,0,0
BRDA:63,15,1,0
BRDA:95,16,0,0
BRDA:95,16,1,0
BRDA:94,17,0,0
BRDA:94,17,1,0
BRDA:143,18,0,0
BRDA:143,18,1,0
BRDA:143,19,0,0
BRDA:143,19,1,0
BRDA:143,20,0,0
BRDA:143,20,1,0
BRDA:143,21,0,0
BRDA:143,21,1,0
BRDA:143,22,0,0
BRDA:143,22,1,0
BRDA:143,23,0,0
BRDA:143,23,1,0
BRDA:143,24,0,0
BRDA:143,24,1,0
BRDA:143,25,0,0
BRDA:143,25,1,0
BRDA:143,26,0,0
BRDA:143,26,1,0
BRDA:143,27,0,0
BRDA:143,27,1,0
BRDA:144,28,0,0
BRDA:144,28,1,0
BRDA:144,29,0,0
BRDA:144,29,1,0
BRDA:144,30,0,0
BRDA:144,30,1,0
BRDA:144,31,0,0
BRDA:144,31,1,0
BRDA:144,32,0,0
BRDA:144,32,1,0
BRDA:148,33,0,0
BRDA:148,33,1,0
BRDA:147,34,0,0
BRDA:147,34,1,0
BRDA:148,35,0,0
BRDA:148,35,1,0
BRDA:148,36,0,0
BRDA:148,36,1,0
BRF:74
BRH:23
end_of_record
TN:
SF:src/components/Company/commonStyles.ts
FNF:0
FNH:0
DA:1,10
DA:13,10
DA:21,10
LF:3
LH:3
BRF:0
BRH:0
end_of_record
TN:
SF:src/components/Company/company.types.tsx
FN:10,(anonymous_0)
FN:30,(anonymous_1)
FNF:2
FNH:2
FNDA:41,(anonymous_0)
FNDA:41,(anonymous_1)
DA:3,41
DA:10,41
DA:11,41
DA:12,41
DA:30,41
DA:31,41
DA:32,41
DA:33,41
DA:34,41
DA:35,41
DA:268,41
LF:11
LH:11
BRDA:10,0,0,41
BRDA:10,0,1,41
BRDA:30,1,0,41
BRDA:30,1,1,41
BRF:4
BRH:4
end_of_record
TN:
SF:src/components/Company/shared.tsx
FN:101,(anonymous_4)
FN:107,(anonymous_5)
FN:112,(anonymous_6)
FN:154,(anonymous_7)
FN:177,(anonymous_8)
FN:180,(anonymous_9)
FN:183,(anonymous_10)
FN:223,(anonymous_11)
FN:259,(anonymous_12)
FN:269,(anonymous_13)
FN:270,(anonymous_14)
FN:289,(anonymous_15)
FN:299,(anonymous_16)
FN:305,(anonymous_17)
FN:313,(anonymous_18)
FN:327,(anonymous_19)
FN:335,(anonymous_20)
FN:341,(anonymous_21)
FN:353,(anonymous_22)
FN:363,(anonymous_23)
FN:367,(anonymous_24)
FN:443,(anonymous_25)
FN:444,(anonymous_26)
FN:446,(anonymous_27)
FN:447,(anonymous_28)
FNF:25
FNH:12
FNDA:48,(anonymous_4)
FNDA:207,(anonymous_5)
FNDA:240,(anonymous_6)
FNDA:194,(anonymous_7)
FNDA:6,(anonymous_8)
FNDA:0,(anonymous_9)
FNDA:0,(anonymous_10)
FNDA:0,(anonymous_11)
FNDA:56,(anonymous_12)
FNDA:0,(anonymous_13)
FNDA:0,(anonymous_14)
FNDA:42,(anonymous_15)
FNDA:0,(anonymous_16)
FNDA:3668,(anonymous_17)
FNDA:0,(anonymous_18)
FNDA:17,(anonymous_19)
FNDA:0,(anonymous_20)
FNDA:0,(anonymous_21)
FNDA:306,(anonymous_22)
FNDA:48,(anonymous_23)
FNDA:4,(anonymous_24)
FNDA:0,(anonymous_25)
FNDA:0,(anonymous_26)
FNDA:0,(anonymous_27)
FNDA:0,(anonymous_28)
DA:1,10
DA:2,10
DA:3,10
DA:25,10
DA:26,10
DA:27,10
DA:28,10
DA:29,10
DA:30,10
DA:31,10
DA:32,10
DA:33,10
DA:34,10
DA:35,10
DA:36,10
DA:37,10
DA:38,10
DA:39,10
DA:40,10
DA:41,10
DA:42,10
DA:43,10
DA:44,10
DA:45,10
DA:47,10
DA:101,48
DA:107,10
DA:108,825
DA:110,206
DA:112,240
DA:154,10
DA:173,3298
DA:174,194
DA:175,194
DA:176,194
DA:177,194
DA:178,6
DA:180,194
DA:181,0
DA:183,194
DA:184,0
DA:187,194
DA:223,0
DA:259,10
DA:260,448
DA:261,56
DA:262,56
DA:269,0
DA:270,0
DA:289,10
DA:290,336
DA:291,42
DA:293,42
DA:299,0
DA:305,3668
DA:313,0
DA:327,10
DA:328,17
DA:329,68
DA:331,17
DA:335,0
DA:342,0
DA:343,0
DA:353,306
DA:363,48
DA:367,10
DA:368,8
DA:370,4
DA:388,10
DA:406,10
DA:424,10
DA:443,10
DA:444,0
DA:446,10
DA:447,0
DA:448,0
DA:449,0
DA:452,0
DA:453,0
DA:463,0
DA:466,0
DA:467,0
DA:478,0
DA:481,0
DA:482,0
DA:483,0
DA:486,0
DA:487,0
DA:488,0
DA:490,0
DA:495,10
DA:496,10
DA:497,10
DA:498,10
DA:499,10
DA:500,10
DA:501,10
DA:502,10
DA:503,10
DA:504,10
DA:505,10
DA:506,10
LF:102
LH:75
BRDA:117,0,0,2
BRDA:117,0,1,238
BRDA:119,1,0,26
BRDA:119,1,1,214
BRDA:119,2,0,16
BRDA:119,2,1,10
BRDA:121,3,0,2
BRDA:121,3,1,212
BRDA:134,4,0,240
BRDA:134,4,1,194
BRDA:134,4,2,2
BRDA:178,5,0,6
BRDA:178,5,1,0
BRDA:178,6,0,0
BRDA:178,6,1,6
BRDA:181,7,0,0
BRDA:181,7,1,0
BRDA:184,8,0,0
BRDA:184,8,1,0
BRDA:184,9,0,0
BRDA:184,9,1,0
BRDA:188,10,0,122
BRDA:188,10,1,72
BRDA:191,11,0,55
BRDA:191,11,1,139
BRDA:196,12,0,55
BRDA:196,12,1,0
BRDA:196,13,0,55
BRDA:196,13,1,55
BRDA:201,14,0,0
BRDA:201,14,1,55
BRDA:203,15,0,0
BRDA:203,15,1,55
BRDA:204,16,0,55
BRDA:204,16,1,0
BRDA:209,17,0,55
BRDA:209,17,1,51
BRDA:218,18,0,45
BRDA:218,18,1,94
BRDA:222,19,0,18
BRDA:222,19,1,27
BRDA:222,20,0,45
BRDA:222,20,1,18
BRDA:227,21,0,0
BRDA:227,21,1,45
BRDA:238,22,0,94
BRDA:238,22,1,0
BRDA:243,23,0,80
BRDA:243,23,1,14
BRDA:243,24,0,94
BRDA:243,24,1,80
BRDA:250,25,0,0
BRDA:250,25,1,94
BRDA:253,26,0,94
BRDA:253,26,1,0
BRDA:268,27,0,56
BRDA:268,27,1,0
BRDA:268,28,0,56
BRDA:268,28,1,56
BRDA:270,29,0,0
BRDA:270,29,1,0
BRDA:276,30,0,0
BRDA:276,30,1,56
BRDA:280,31,0,56
BRDA:280,31,1,0
BRDA:303,32,0,14
BRDA:303,32,1,28
BRDA:303,33,0,42
BRDA:303,33,1,42
BRDA:311,34,0,42
BRDA:311,34,1,0
BRDA:335,35,0,0
BRDA:335,35,1,0
BRDA:448,36,0,0
BRDA:448,36,1,0
BRDA:449,37,0,0
BRDA:449,37,1,0
BRDA:449,38,0,0
BRDA:449,38,1,0
BRDA:449,39,0,0
BRDA:449,39,1,0
BRDA:452,40,0,0
BRDA:452,40,1,0
BRDA:454,41,0,0
BRDA:454,41,1,0
BRDA:454,42,0,0
BRDA:454,42,1,0
BRDA:455,43,0,0
BRDA:455,43,1,0
BRDA:455,44,0,0
BRDA:455,44,1,0
BRDA:456,45,0,0
BRDA:456,45,1,0
BRDA:456,46,0,0
BRDA:456,46,1,0
BRDA:457,47,0,0
BRDA:457,47,1,0
BRDA:457,48,0,0
BRDA:457,48,1,0
BRDA:458,49,0,0
BRDA:458,49,1,0
BRDA:458,50,0,0
BRDA:458,50,1,0
BRDA:459,51,0,0
BRDA:459,51,1,0
BRDA:459,52,0,0
BRDA:459,52,1,0
BRDA:460,53,0,0
BRDA:460,53,1,0
BRDA:460,54,0,0
BRDA:460,54,1,0
BRDA:461,55,0,0
BRDA:461,55,1,0
BRDA:461,56,0,0
BRDA:461,56,1,0
BRDA:463,57,0,0
BRDA:463,57,1,0
BRDA:466,58,0,0
BRDA:466,58,1,0
BRDA:468,59,0,0
BRDA:468,59,1,0
BRDA:468,60,0,0
BRDA:468,60,1,0
BRDA:469,61,0,0
BRDA:469,61,1,0
BRDA:469,62,0,0
BRDA:469,62,1,0
BRDA:470,63,0,0
BRDA:470,63,1,0
BRDA:470,64,0,0
BRDA:470,64,1,0
BRDA:471,65,0,0
BRDA:471,65,1,0
BRDA:471,66,0,0
BRDA:471,66,1,0
BRDA:472,67,0,0
BRDA:472,67,1,0
BRDA:472,68,0,0
BRDA:472,68,1,0
BRDA:473,69,0,0
BRDA:473,69,1,0
BRDA:473,70,0,0
BRDA:473,70,1,0
BRDA:474,71,0,0
BRDA:474,71,1,0
BRDA:474,72,0,0
BRDA:474,72,1,0
BRDA:475,73,0,0
BRDA:475,73,1,0
BRDA:475,74,0,0
BRDA:475,74,1,0
BRDA:476,75,0,0
BRDA:476,75,1,0
BRDA:476,76,0,0
BRDA:476,76,1,0
BRDA:478,77,0,0
BRDA:478,77,1,0
BRDA:481,78,0,0
BRDA:481,78,1,0
BRDA:482,79,0,0
BRDA:482,79,1,0
BRDA:482,80,0,0
BRDA:482,80,1,0
BRDA:482,81,0,0
BRDA:482,81,1,0
BRDA:482,82,0,0
BRDA:482,82,1,0
BRDA:482,83,0,0
BRDA:482,83,1,0
BRDA:482,84,0,0
BRDA:482,84,1,0
BRDA:483,85,0,0
BRDA:483,85,1,0
BRDA:486,86,0,0
BRDA:486,86,1,0
BRDA:487,87,0,0
BRDA:487,87,1,0
BRDA:487,88,0,0
BRDA:487,88,1,0
BRDA:487,89,0,0
BRDA:487,89,1,0
BRDA:487,90,0,0
BRDA:487,90,1,0
BRDA:487,91,0,0
BRDA:487,91,1,0
BRDA:487,92,0,0
BRDA:487,92,1,0
BRDA:488,93,0,0
BRDA:488,93,1,0
BRF:189
BRH:49
end_of_record
TN:
SF:src/components/Company/ActivityLog/ActivityLog.tsx
FN:23,(anonymous_3)
FN:36,(anonymous_4)
FN:41,(anonymous_5)
FN:50,(anonymous_6)
FN:63,(anonymous_7)
FN:77,(anonymous_8)
FNF:6
FNH:0
FNDA:0,(anonymous_3)
FNDA:0,(anonymous_4)
FNDA:0,(anonymous_5)
FNDA:0,(anonymous_6)
FNDA:0,(anonymous_7)
FNDA:0,(anonymous_8)
DA:1,10
DA:2,10
DA:3,10
DA:4,10
DA:5,10
DA:6,10
DA:7,10
DA:8,10
DA:9,10
DA:10,10
DA:11,10
DA:13,10
DA:14,10
DA:23,10
DA:24,0
DA:25,0
DA:27,0
DA:28,0
DA:33,0
DA:34,0
DA:37,0
DA:38,0
DA:41,0
DA:42,0
DA:50,0
DA:51,0
DA:54,0
DA:56,0
DA:63,0
DA:77,0
DA:95,10
LF:31
LH:15
BRDA:31,0,0,0
BRDA:31,0,1,0
BRDA:31,1,0,0
BRDA:31,1,1,0
BRDA:37,2,0,0
BRDA:37,2,1,0
BRDA:37,3,0,0
BRDA:37,3,1,0
BRDA:37,4,0,0
BRDA:37,4,1,0
BRDA:37,5,0,0
BRDA:37,5,1,0
BRDA:37,6,0,0
BRDA:37,6,1,0
BRDA:45,7,0,0
BRDA:45,7,1,0
BRDA:45,8,0,0
BRDA:45,8,1,0
BRDA:75,9,0,0
BRDA:75,9,1,0
BRDA:80,10,0,0
BRDA:80,10,1,0
BRDA:80,11,0,0
BRDA:80,11,1,0
BRDA:80,12,0,0
BRDA:80,12,1,0
BRDA:80,13,0,0
BRDA:80,13,1,0
BRDA:80,14,0,0
BRDA:80,14,1,0
BRDA:80,15,0,0
BRDA:80,15,1,0
BRF:32
BRH:0
end_of_record
TN:
SF:src/components/Company/ActivityLog/DateField.tsx
FN:5,(anonymous_2)
FN:14,(anonymous_3)
FN:19,(anonymous_4)
FNF:3
FNH:2
FNDA:54,(anonymous_2)
FNDA:0,(anonymous_3)
FNDA:5,(anonymous_4)
DA:1,11
DA:2,11
DA:3,11
DA:5,11
DA:6,54
DA:7,108
DA:9,54
DA:14,0
DA:20,5
DA:21,5
DA:30,11
LF:11
LH:10
BRDA:14,0,0,0
BRDA:14,0,1,0
BRF:2
BRH:0
end_of_record
TN:
SF:src/components/Company/ActivityLog/LogFilters.tsx
FN:10,(anonymous_3)
FN:17,(anonymous_4)
FN:25,(anonymous_5)
FN:30,(anonymous_6)
FN:35,(anonymous_7)
FN:45,(anonymous_8)
FN:50,(anonymous_9)
FN:101,(anonymous_10)
FN:113,(anonymous_11)
FNF:9
FNH:9
FNDA:27,(anonymous_3)
FNDA:20,(anonymous_4)
FNDA:10,(anonymous_5)
FNDA:10,(anonymous_6)
FNDA:1,(anonymous_7)
FNDA:1,(anonymous_8)
FNDA:10,(anonymous_9)
FNDA:2,(anonymous_10)
FNDA:108,(anonymous_11)
DA:1,11
DA:2,11
DA:3,11
DA:4,11
DA:6,11
DA:7,11
DA:8,11
DA:10,11
DA:11,54
DA:12,27
DA:13,27
DA:14,27
DA:15,27
DA:17,27
DA:18,20
DA:25,27
DA:26,10
DA:27,10
DA:30,27
DA:31,10
DA:32,10
DA:35,27
DA:36,1
DA:37,1
DA:38,1
DA:44,27
DA:45,1
DA:50,10
DA:102,2
DA:108,2
DA:113,108
DA:127,11
LF:32
LH:32
BRDA:49,0,0,14
BRDA:49,0,1,13
BRDA:51,1,0,14
BRDA:51,1,1,13
BRDA:105,2,0,2
BRDA:105,2,1,0
BRDA:106,3,0,2
BRDA:106,3,1,0
BRDA:115,4,0,27
BRDA:115,4,1,27
BRF:10
BRH:8
end_of_record
TN:
SF:src/components/Company/AttachmentsPanel/AttachmentsPanel.tsx
FN:7,(anonymous_3)
FNF:1
FNH:0
FNDA:0,(anonymous_3)
DA:1,10
DA:2,10
DA:3,10
DA:5,10
DA:7,10
DA:8,0
DA:9,0
DA:11,0
DA:28,10
LF:9
LH:6
BRF:0
BRH:0
end_of_record
TN:
SF:src/components/Company/AttachmentsPanel/CompanyAttachments.tsx
FN:9,(anonymous_23)
FN:23,(anonymous_24)
FN:37,(anonymous_25)
FN:37,(anonymous_26)
FN:46,(anonymous_28)
FN:74,(anonymous_29)
FN:74,(anonymous_30)
FN:82,(anonymous_32)
FN:88,(anonymous_33)
FNF:9
FNH:2
FNDA:10,(anonymous_23)
FNDA:23,(anonymous_24)
FNDA:0,(anonymous_25)
FNDA:0,(anonymous_26)
FNDA:0,(anonymous_28)
FNDA:0,(anonymous_29)
FNDA:0,(anonymous_30)
FNDA:0,(anonymous_32)
FNDA:0,(anonymous_33)
DA:1,10
DA:2,10
DA:3,10
DA:5,10
DA:6,10
DA:7,10
DA:9,10
DA:10,10
DA:11,10
DA:12,10
DA:13,10
DA:14,10
DA:15,10
DA:16,10
DA:17,10
DA:20,20
DA:21,10
DA:23,10
DA:24,23
DA:25,23
DA:26,22
DA:27,22
DA:28,22
DA:29,22
DA:33,22
DA:34,22
DA:35,22
DA:37,22
DA:39,0
DA:46,0
DA:47,0
DA:50,0
DA:51,0
DA:56,0
DA:64,0
DA:66,0
DA:67,0
DA:68,0
DA:71,0
DA:74,22
DA:77,0
DA:78,0
DA:82,0
DA:83,0
DA:84,0
DA:87,0
DA:88,0
DA:91,0
DA:100,0
DA:101,0
DA:102,0
DA:105,0
DA:106,0
DA:109,0
DA:110,0
DA:113,22
DA:125,10
LF:57
LH:31
BRDA:9,0,0,10
BRDA:9,0,1,10
BRDA:26,1,0,22
BRDA:26,1,1,0
BRDA:26,2,0,22
BRDA:26,2,1,22
BRDA:27,3,0,0
BRDA:27,3,1,22
BRDA:27,4,0,22
BRDA:27,4,1,22
BRDA:33,5,0,22
BRDA:33,5,1,22
BRDA:33,6,0,22
BRDA:33,6,1,0
BRDA:33,7,0,22
BRDA:33,7,1,22
BRDA:33,8,0,22
BRDA:33,8,1,0
BRDA:33,9,0,22
BRDA:33,9,1,22
BRDA:71,10,0,0
BRDA:52,11,0,0
BRDA:52,11,1,0
BRDA:52,12,0,0
BRDA:52,12,1,0
BRDA:52,13,0,0
BRDA:52,13,1,0
BRDA:83,14,0,0
BRDA:83,14,1,0
BRDA:83,15,0,0
BRDA:83,15,1,0
BRDA:83,16,0,0
BRDA:83,16,1,0
BRDA:100,17,0,0
BRDA:100,17,1,0
BRDA:100,18,0,0
BRDA:100,18,1,0
BRDA:100,19,0,0
BRDA:100,19,1,0
BRF:39
BRH:16
end_of_record
TN:
SF:src/components/Company/AutoSuggestion/AutoSuggestion.tsx
FN:12,AutoSuggestion
FN:25,(anonymous_10)
FN:33,(anonymous_11)
FN:37,(anonymous_12)
FN:38,(anonymous_13)
FN:40,(anonymous_14)
FN:47,(anonymous_15)
FN:50,(anonymous_16)
FN:51,(anonymous_17)
FN:64,(anonymous_18)
FN:65,(anonymous_19)
FN:77,(anonymous_20)
FN:94,(anonymous_21)
FN:98,(anonymous_22)
FNF:14
FNH:2
FNDA:14,AutoSuggestion
FNDA:0,(anonymous_10)
FNDA:14,(anonymous_11)
FNDA:0,(anonymous_12)
FNDA:0,(anonymous_13)
FNDA:0,(anonymous_14)
FNDA:0,(anonymous_15)
FNDA:0,(anonymous_16)
FNDA:0,(anonymous_17)
FNDA:0,(anonymous_18)
FNDA:0,(anonymous_19)
FNDA:0,(anonymous_20)
FNDA:0,(anonymous_21)
FNDA:0,(anonymous_22)
DA:1,10
DA:2,10
DA:3,10
DA:4,10
DA:5,10
DA:20,84
DA:21,14
DA:22,14
DA:23,14
DA:25,14
DA:26,0
DA:28,0
DA:29,0
DA:30,0
DA:33,14
DA:34,14
DA:37,0
DA:38,0
DA:40,0
DA:47,0
DA:50,0
DA:51,0
DA:64,0
DA:65,0
DA:77,14
DA:79,0
DA:80,0
DA:81,0
DA:83,0
DA:84,0
DA:88,14
DA:90,14
DA:94,0
DA:98,0
DA:125,10
LF:35
LH:16
BRDA:28,0,0,0
BRDA:28,0,1,0
BRDA:28,1,0,0
BRDA:28,1,1,0
BRDA:30,2,0,0
BRDA:30,2,1,0
BRDA:36,3,0,14
BRDA:36,3,1,0
BRDA:36,3,2,0
BRDA:36,3,3,0
BRDA:37,4,0,0
BRDA:37,4,1,0
BRDA:37,5,0,0
BRDA:37,5,1,0
BRDA:38,6,0,0
BRDA:38,6,1,0
BRDA:38,7,0,0
BRDA:38,7,1,0
BRDA:45,8,0,14
BRDA:45,8,1,14
BRDA:45,8,2,0
BRDA:49,9,0,0
BRDA:49,9,1,0
BRDA:49,9,2,0
BRDA:52,10,0,0
BRDA:52,10,1,0
BRDA:51,11,0,0
BRDA:51,11,1,0
BRDA:51,12,0,0
BRDA:51,12,1,0
BRDA:64,13,0,14
BRDA:64,13,1,0
BRDA:64,13,2,0
BRDA:64,14,0,0
BRDA:64,14,1,14
BRDA:64,15,0,14
BRDA:64,15,1,14
BRDA:65,16,0,0
BRDA:65,16,1,0
BRDA:65,17,0,0
BRDA:65,17,1,0
BRDA:79,18,0,0
BRDA:79,18,1,0
BRDA:94,19,0,0
BRDA:94,19,1,14
BRDA:93,20,0,14
BRDA:93,20,1,14
BRDA:119,21,0,14
BRDA:119,21,1,6
BRF:49
BRH:12
end_of_record
TN:
SF:src/components/Company/AutoSuggestion/styles.ts
FN:3,(anonymous_0)
FNF:1
FNH:1
FNDA:6,(anonymous_0)
DA:1,10
DA:3,10
DA:4,6
LF:3
LH:3
BRF:0
BRH:0
end_of_record
TN:
SF:src/components/Company/CertificationPanel/CertificationFilters.tsx
FN:15,(anonymous_4)
FN:19,(anonymous_5)
FN:21,(anonymous_6)
FN:22,(anonymous_7)
FN:25,(anonymous_8)
FN:30,(anonymous_9)
FN:34,(anonymous_10)
FN:45,(anonymous_11)
FN:68,(anonymous_12)
FN:73,(anonymous_13)
FN:88,(anonymous_14)
FNF:11
FNH:7
FNDA:7,(anonymous_4)
FNDA:2,(anonymous_5)
FNDA:0,(anonymous_6)
FNDA:0,(anonymous_7)
FNDA:0,(anonymous_8)
FNDA:0,(anonymous_9)
FNDA:1,(anonymous_10)
FNDA:1,(anonymous_11)
FNDA:21,(anonymous_12)
FNDA:2,(anonymous_13)
FNDA:1,(anonymous_14)
DA:1,11
DA:2,11
DA:3,11
DA:5,11
DA:6,11
DA:7,11
DA:15,11
DA:16,7
DA:17,14
DA:19,7
DA:20,2
DA:21,1
DA:22,0
DA:25,1
DA:29,7
DA:30,0
DA:34,1
DA:46,1
DA:47,1
DA:48,1
DA:68,21
DA:73,2
DA:89,1
DA:90,1
DA:106,11
LF:25
LH:23
BRDA:20,0,0,1
BRDA:20,0,1,1
BRDA:33,1,0,7
BRDA:33,1,1,4
BRDA:35,2,0,3
BRDA:35,2,1,4
BRDA:40,3,0,7
BRDA:40,3,1,4
BRDA:70,4,0,4
BRDA:70,4,1,17
BRDA:71,5,0,4
BRDA:71,5,1,17
BRF:12
BRH:12
end_of_record
TN:
SF:src/components/Company/CertificationPanel/CertificationFormItem.tsx
FN:9,(anonymous_2)
FN:28,(anonymous_3)
FN:31,(anonymous_4)
FN:33,(anonymous_5)
FN:84,(anonymous_6)
FN:99,(anonymous_7)
FN:111,(anonymous_8)
FN:118,(anonymous_9)
FN:143,(anonymous_10)
FN:150,(anonymous_11)
FNF:10
FNH:0
FNDA:0,(anonymous_2)
FNDA:0,(anonymous_3)
FNDA:0,(anonymous_4)
FNDA:0,(anonymous_5)
FNDA:0,(anonymous_6)
FNDA:0,(anonymous_7)
FNDA:0,(anonymous_8)
FNDA:0,(anonymous_9)
FNDA:0,(anonymous_10)
FNDA:0,(anonymous_11)
DA:1,10
DA:2,10
DA:3,10
DA:5,10
DA:6,10
DA:8,10
DA:10,0
DA:11,0
DA:12,0
DA:13,0
DA:14,0
DA:15,0
DA:16,0
DA:19,0
DA:22,0
DA:24,0
DA:25,0
DA:26,0
DA:27,0
DA:28,0
DA:31,0
DA:33,0
DA:34,0
DA:37,0
DA:38,0
DA:39,0
DA:41,0
DA:42,0
DA:43,0
DA:44,0
DA:47,0
DA:61,0
DA:74,0
DA:75,0
DA:84,0
DA:88,0
DA:99,0
DA:111,0
DA:118,0
DA:143,0
DA:150,0
DA:157,10
LF:42
LH:7
BRDA:12,0,0,0
BRDA:12,0,1,0
BRDA:12,1,0,0
BRDA:12,1,1,0
BRDA:12,2,0,0
BRDA:12,2,1,0
BRDA:12,3,0,0
BRDA:12,3,1,0
BRDA:13,4,0,0
BRDA:13,4,1,0
BRDA:13,5,0,0
BRDA:13,5,1,0
BRDA:13,6,0,0
BRDA:13,6,1,0
BRDA:13,7,0,0
BRDA:13,7,1,0
BRDA:14,8,0,0
BRDA:14,8,1,0
BRDA:14,9,0,0
BRDA:14,9,1,0
BRDA:14,10,0,0
BRDA:14,10,1,0
BRDA:14,11,0,0
BRDA:14,11,1,0
BRDA:15,12,0,0
BRDA:15,12,1,0
BRDA:15,13,0,0
BRDA:15,13,1,0
BRDA:15,14,0,0
BRDA:15,14,1,0
BRDA:15,15,0,0
BRDA:15,15,1,0
BRDA:17,16,0,0
BRDA:17,16,1,0
BRDA:17,17,0,0
BRDA:17,17,1,0
BRDA:17,18,0,0
BRDA:17,18,1,0
BRDA:20,19,0,0
BRDA:20,19,1,0
BRDA:20,20,0,0
BRDA:20,20,1,0
BRDA:20,21,0,0
BRDA:20,21,1,0
BRDA:22,22,0,0
BRDA:22,22,1,0
BRDA:22,23,0,0
BRDA:22,23,1,0
BRDA:22,24,0,0
BRDA:22,24,1,0
BRDA:22,25,0,0
BRDA:22,25,1,0
BRDA:28,26,0,0
BRDA:28,26,1,0
BRDA:31,27,0,0
BRDA:31,27,1,0
BRDA:35,28,0,0
BRDA:35,28,1,0
BRDA:34,29,0,0
BRDA:34,29,1,0
BRDA:34,30,0,0
BRDA:34,30,1,0
BRDA:35,31,0,0
BRDA:35,31,1,0
BRDA:35,32,0,0
BRDA:35,32,1,0
BRDA:37,33,0,0
BRDA:37,33,1,0
BRDA:37,34,0,0
BRDA:37,34,1,0
BRDA:37,35,0,0
BRDA:37,35,1,0
BRDA:37,36,0,0
BRDA:37,36,1,0
BRDA:37,37,0,0
BRDA:37,37,1,0
BRDA:38,38,0,0
BRDA:38,38,1,0
BRDA:38,39,0,0
BRDA:38,39,1,0
BRDA:38,40,0,0
BRDA:38,40,1,0
BRDA:38,41,0,0
BRDA:38,41,1,0
BRDA:38,42,0,0
BRDA:38,42,1,0
BRDA:38,43,0,0
BRDA:38,43,1,0
BRDA:39,44,0,0
BRDA:39,44,1,0
BRDA:39,45,0,0
BRDA:39,45,1,0
BRDA:39,46,0,0
BRDA:39,46,1,0
BRDA:39,47,0,0
BRDA:39,47,1,0
BRDA:39,48,0,0
BRDA:39,48,1,0
BRDA:39,49,0,0
BRDA:39,49,1,0
BRDA:41,50,0,0
BRDA:41,50,1,0
BRDA:41,51,0,0
BRDA:41,51,1,0
BRDA:41,52,0,0
BRDA:41,52,1,0
BRDA:42,53,0,0
BRDA:42,53,1,0
BRDA:42,54,0,0
BRDA:42,54,1,0
BRDA:42,54,2,0
BRDA:54,55,0,0
BRDA:54,55,1,0
BRDA:55,56,0,0
BRDA:55,56,1,0
BRDA:62,57,0,0
BRDA:62,57,1,0
BRDA:63,58,0,0
BRDA:63,58,1,0
BRDA:64,59,0,0
BRDA:64,59,1,0
BRDA:65,60,0,0
BRDA:65,60,1,0
BRDA:66,61,0,0
BRDA:66,61,1,0
BRDA:69,62,0,0
BRDA:69,62,1,0
BRDA:72,63,0,0
BRDA:72,63,1,0
BRDA:74,64,0,0
BRDA:74,64,1,0
BRDA:90,65,0,0
BRDA:90,65,1,0
BRDA:90,66,0,0
BRDA:90,66,1,0
BRDA:90,67,0,0
BRDA:90,67,1,0
BRDA:90,68,0,0
BRDA:90,68,1,0
BRDA:91,69,0,0
BRDA:91,69,1,0
BRDA:101,70,0,0
BRDA:101,70,1,0
BRDA:101,70,2,0
BRDA:123,71,0,0
BRDA:123,71,1,0
BRDA:123,71,2,0
BRDA:132,72,0,0
BRDA:132,72,1,0
BRDA:132,72,2,0
BRF:150
BRH:0
end_of_record
TN:
SF:src/components/Company/CertificationPanel/CertificationGridView.tsx
FN:6,(anonymous_2)
FN:16,(anonymous_3)
FN:38,(anonymous_4)
FNF:3
FNH:0
FNDA:0,(anonymous_2)
FNDA:0,(anonymous_3)
FNDA:0,(anonymous_4)
DA:1,10
DA:2,10
DA:4,10
DA:6,10
DA:11,0
DA:12,0
DA:14,0
DA:16,0
DA:39,0
DA:40,0
DA:51,10
LF:11
LH:5
BRDA:16,0,0,0
BRDA:16,0,1,0
BRDA:16,1,0,0
BRDA:16,1,1,0
BRDA:22,2,0,0
BRDA:22,2,1,0
BRDA:21,3,0,0
BRDA:21,3,1,0
BRDA:26,4,0,0
BRDA:26,4,1,0
BRDA:25,5,0,0
BRDA:25,5,1,0
BRDA:25,6,0,0
BRDA:25,6,1,0
BRDA:25,7,0,0
BRDA:25,7,1,0
BRDA:25,8,0,0
BRDA:25,8,1,0
BRDA:25,9,0,0
BRDA:25,9,1,0
BRDA:26,10,0,0
BRDA:26,10,1,0
BRDA:26,11,0,0
BRDA:26,11,1,0
BRDA:26,12,0,0
BRDA:26,12,1,0
BRDA:26,13,0,0
BRDA:26,13,1,0
BRDA:26,14,0,0
BRDA:26,14,1,0
BRDA:26,15,0,0
BRDA:26,15,1,0
BRDA:26,16,0,0
BRDA:26,16,1,0
BRDA:26,17,0,0
BRDA:26,17,1,0
BRDA:29,18,0,0
BRDA:29,18,1,0
BRDA:31,19,0,0
BRDA:31,19,1,0
BRF:40
BRH:0
end_of_record
TN:
SF:src/components/Company/CertificationPanel/CertificationItem.tsx
FN:12,(anonymous_2)
FN:24,(anonymous_3)
FN:62,(anonymous_4)
FNF:3
FNH:0
FNDA:0,(anonymous_2)
FNDA:0,(anonymous_3)
FNDA:0,(anonymous_4)
DA:1,10
DA:2,10
DA:3,10
DA:4,10
DA:5,10
DA:6,10
DA:7,10
DA:9,10
DA:10,10
DA:12,10
DA:21,0
DA:22,0
DA:24,0
DA:25,0
DA:28,0
DA:63,0
DA:64,0
DA:105,10
LF:18
LH:11
BRDA:25,0,0,0
BRDA:25,0,1,0
BRDA:33,1,0,0
BRDA:33,1,1,0
BRDA:75,2,0,0
BRDA:75,2,1,0
BRDA:81,3,0,0
BRDA:81,3,1,0
BRDA:88,4,0,0
BRDA:88,4,1,0
BRDA:87,5,0,0
BRDA:87,5,1,0
BRDA:90,6,0,0
BRDA:90,6,1,0
BRDA:93,7,0,0
BRDA:93,7,1,0
BRF:16
BRH:0
end_of_record
TN:
SF:src/components/Company/CertificationPanel/CertificationItemRow.tsx
FN:12,(anonymous_2)
FN:21,(anonymous_3)
FN:29,(anonymous_4)
FN:71,(anonymous_5)
FN:71,(anonymous_6)
FNF:5
FNH:0
FNDA:0,(anonymous_2)
FNDA:0,(anonymous_3)
FNDA:0,(anonymous_4)
FNDA:0,(anonymous_5)
FNDA:0,(anonymous_6)
DA:1,10
DA:2,10
DA:3,10
DA:4,10
DA:5,10
DA:6,10
DA:7,10
DA:9,10
DA:10,10
DA:12,10
DA:13,0
DA:14,0
DA:15,0
DA:16,0
DA:17,0
DA:19,0
DA:21,0
DA:22,0
DA:25,0
DA:29,0
DA:71,0
DA:91,10
LF:22
LH:11
BRDA:17,0,0,0
BRDA:17,0,1,0
BRDA:22,1,0,0
BRDA:22,1,1,0
BRDA:27,2,0,0
BRDA:27,2,1,0
BRDA:52,3,0,0
BRDA:52,3,1,0
BRDA:52,4,0,0
BRDA:52,4,1,0
BRDA:67,5,0,0
BRDA:67,5,1,0
BRDA:78,6,0,0
BRDA:78,6,1,0
BRDA:77,7,0,0
BRDA:77,7,1,0
BRDA:77,8,0,0
BRDA:77,8,1,0
BRDA:77,9,0,0
BRDA:77,9,1,0
BRDA:77,10,0,0
BRDA:77,10,1,0
BRDA:79,11,0,0
BRDA:79,11,1,0
BRF:24
BRH:0
end_of_record
TN:
SF:src/components/Company/CertificationPanel/CertificationListView.tsx
FN:8,(anonymous_3)
FN:50,(anonymous_4)
FNF:2
FNH:0
FNDA:0,(anonymous_3)
FNDA:0,(anonymous_4)
DA:1,10
DA:2,10
DA:3,10
DA:5,10
DA:6,10
DA:8,10
DA:9,0
DA:10,0
DA:12,0
DA:50,0
DA:58,10
LF:11
LH:7
BRF:0
BRH:0
end_of_record
TN:
SF:src/components/Company/CertificationPanel/CertificationsPanel.tsx
FN:20,(anonymous_9)
FN:26,(anonymous_10)
FN:28,(anonymous_11)
FN:39,(anonymous_12)
FN:39,(anonymous_13)
FN:43,(anonymous_14)
FN:43,(anonymous_15)
FN:47,(anonymous_16)
FN:85,(anonymous_17)
FN:95,(anonymous_18)
FN:128,(anonymous_19)
FN:133,(anonymous_20)
FN:135,(anonymous_21)
FN:138,(anonymous_22)
FN:142,(anonymous_23)
FN:143,(anonymous_24)
FN:144,(anonymous_25)
FN:152,(anonymous_26)
FN:162,(anonymous_27)
FN:174,(anonymous_28)
FN:182,(anonymous_29)
FN:201,(anonymous_30)
FN:202,(anonymous_31)
FN:203,(anonymous_32)
FNF:24
FNH:0
FNDA:0,(anonymous_9)
FNDA:0,(anonymous_10)
FNDA:0,(anonymous_11)
FNDA:0,(anonymous_12)
FNDA:0,(anonymous_13)
FNDA:0,(anonymous_14)
FNDA:0,(anonymous_15)
FNDA:0,(anonymous_16)
FNDA:0,(anonymous_17)
FNDA:0,(anonymous_18)
FNDA:0,(anonymous_19)
FNDA:0,(anonymous_20)
FNDA:0,(anonymous_21)
FNDA:0,(anonymous_22)
FNDA:0,(anonymous_23)
FNDA:0,(anonymous_24)
FNDA:0,(anonymous_25)
FNDA:0,(anonymous_26)
FNDA:0,(anonymous_27)
FNDA:0,(anonymous_28)
FNDA:0,(anonymous_29)
FNDA:0,(anonymous_30)
FNDA:0,(anonymous_31)
FNDA:0,(anonymous_32)
DA:1,10
DA:2,10
DA:3,10
DA:4,10
DA:5,10
DA:6,10
DA:7,10
DA:8,10
DA:9,10
DA:11,10
DA:12,10
DA:13,10
DA:14,10
DA:15,10
DA:16,10
DA:17,10
DA:18,10
DA:19,10
DA:20,10
DA:21,0
DA:22,0
DA:23,0
DA:24,0
DA:25,0
DA:26,0
DA:27,0
DA:28,0
DA:29,0
DA:30,0
DA:31,0
DA:33,0
DA:36,0
DA:38,0
DA:39,0
DA:42,0
DA:43,0
DA:47,0
DA:48,0
DA:49,0
DA:53,0
DA:85,0
DA:96,0
DA:97,0
DA:128,10
DA:129,0
DA:130,0
DA:131,0
DA:132,0
DA:133,0
DA:135,0
DA:136,0
DA:138,0
DA:142,0
DA:144,0
DA:149,0
DA:152,0
DA:160,0
DA:162,0
DA:174,0
DA:182,10
DA:183,0
DA:184,0
DA:185,0
DA:186,0
DA:187,0
DA:189,0
DA:201,0
DA:202,0
DA:203,0
DA:213,10
LF:70
LH:22
BRDA:27,0,0,0
BRDA:27,0,1,0
BRDA:27,1,0,0
BRDA:27,1,1,0
BRDA:27,2,0,0
BRDA:27,2,1,0
BRDA:27,3,0,0
BRDA:27,3,1,0
BRDA:29,4,0,0
BRDA:29,4,1,0
BRDA:43,5,0,0
BRDA:43,5,1,0
BRDA:48,6,0,0
BRDA:48,6,1,0
BRDA:48,7,0,0
BRDA:48,7,1,0
BRDA:48,8,0,0
BRDA:48,8,1,0
BRDA:48,9,0,0
BRDA:48,9,1,0
BRDA:48,10,0,0
BRDA:48,10,1,0
BRDA:54,11,0,0
BRDA:54,11,1,0
BRDA:54,12,0,0
BRDA:54,12,1,0
BRDA:70,13,0,0
BRDA:70,13,1,0
BRDA:84,14,0,0
BRDA:84,14,1,0
BRDA:87,15,0,0
BRDA:87,15,1,0
BRDA:90,16,0,0
BRDA:90,16,1,0
BRDA:107,17,0,0
BRDA:107,17,1,0
BRDA:109,18,0,0
BRDA:109,18,1,0
BRDA:115,19,0,0
BRDA:115,19,1,0
BRDA:138,20,0,0
BRDA:138,20,1,0
BRDA:144,21,0,0
BRDA:144,21,1,0
BRDA:144,22,0,0
BRDA:144,22,1,0
BRDA:144,23,0,0
BRDA:144,23,1,0
BRDA:144,24,0,0
BRDA:144,24,1,0
BRDA:149,25,0,0
BRDA:149,25,1,0
BRDA:191,26,0,0
BRDA:191,26,1,0
BRDA:191,26,2,0
BRDA:191,26,3,0
BRDA:194,27,0,0
BRDA:194,27,1,0
BRDA:195,28,0,0
BRDA:195,28,1,0
BRDA:195,28,2,0
BRDA:195,28,3,0
BRDA:208,29,0,0
BRDA:208,29,1,0
BRDA:208,29,2,0
BRF:65
BRH:0
end_of_record
TN:
SF:src/components/Company/CertificationPanel/Hooks/CertificationHooks.tsx
FN:8,(anonymous_23)
FN:11,(anonymous_24)
FN:14,(anonymous_25)
FN:14,(anonymous_26)
FN:45,(anonymous_28)
FN:48,(anonymous_29)
FNF:6
FNH:0
FNDA:0,(anonymous_23)
FNDA:0,(anonymous_24)
FNDA:0,(anonymous_25)
FNDA:0,(anonymous_26)
FNDA:0,(anonymous_28)
FNDA:0,(anonymous_29)
DA:1,10
DA:2,10
DA:3,10
DA:4,10
DA:5,20
DA:6,10
DA:8,10
DA:9,0
DA:11,0
DA:12,0
DA:14,0
DA:15,0
DA:19,0
DA:21,0
DA:22,0
DA:23,0
DA:25,0
DA:31,0
DA:33,0
DA:42,0
DA:45,10
DA:46,0
DA:48,0
DA:49,0
DA:51,0
DA:54,10
LF:26
LH:9
BRDA:15,0,0,0
BRDA:21,1,0,0
BRDA:21,1,1,0
BRF:3
BRH:0
end_of_record
TN:
SF:src/components/Company/ContactsPanel/ContactFormItem.tsx
FN:11,(anonymous_16)
FN:37,(anonymous_17)
FN:73,(anonymous_18)
FN:77,(anonymous_19)
FN:137,(anonymous_22)
FN:151,(anonymous_23)
FN:163,(anonymous_24)
FN:170,(anonymous_25)
FN:177,(anonymous_26)
FN:185,(anonymous_27)
FN:192,(anonymous_28)
FN:199,(anonymous_29)
FN:206,(anonymous_30)
FN:213,(anonymous_31)
FN:220,(anonymous_32)
FN:227,(anonymous_33)
FN:234,(anonymous_34)
FN:241,(anonymous_35)
FN:248,(anonymous_36)
FN:255,(anonymous_37)
FN:261,(anonymous_38)
FN:268,(anonymous_39)
FN:275,(anonymous_40)
FN:282,(anonymous_41)
FNF:24
FNH:0
FNDA:0,(anonymous_16)
FNDA:0,(anonymous_17)
FNDA:0,(anonymous_18)
FNDA:0,(anonymous_19)
FNDA:0,(anonymous_22)
FNDA:0,(anonymous_23)
FNDA:0,(anonymous_24)
FNDA:0,(anonymous_25)
FNDA:0,(anonymous_26)
FNDA:0,(anonymous_27)
FNDA:0,(anonymous_28)
FNDA:0,(anonymous_29)
FNDA:0,(anonymous_30)
FNDA:0,(anonymous_31)
FNDA:0,(anonymous_32)
FNDA:0,(anonymous_33)
FNDA:0,(anonymous_34)
FNDA:0,(anonymous_35)
FNDA:0,(anonymous_36)
FNDA:0,(anonymous_37)
FNDA:0,(anonymous_38)
FNDA:0,(anonymous_39)
FNDA:0,(anonymous_40)
FNDA:0,(anonymous_41)
DA:1,10
DA:2,10
DA:3,10
DA:4,10
DA:5,10
DA:7,10
DA:9,20
DA:11,10
DA:12,0
DA:13,0
DA:14,0
DA:15,0
DA:16,0
DA:17,0
DA:18,0
DA:19,0
DA:20,0
DA:21,0
DA:22,0
DA:23,0
DA:24,0
DA:25,0
DA:26,0
DA:27,0
DA:28,0
DA:29,0
DA:30,0
DA:31,0
DA:32,0
DA:33,0
DA:34,0
DA:35,0
DA:37,0
DA:40,0
DA:47,0
DA:48,0
DA:50,0
DA:51,0
DA:52,0
DA:53,0
DA:54,0
DA:55,0
DA:56,0
DA:57,0
DA:58,0
DA:61,0
DA:62,0
DA:63,0
DA:64,0
DA:65,0
DA:66,0
DA:67,0
DA:68,0
DA:69,0
DA:73,0
DA:74,0
DA:77,0
DA:78,0
DA:79,0
DA:101,0
DA:102,0
DA:110,0
DA:137,0
DA:141,0
DA:143,0
DA:151,0
DA:163,0
DA:170,0
DA:177,0
DA:185,0
DA:192,0
DA:199,0
DA:206,0
DA:213,0
DA:220,0
DA:227,0
DA:234,0
DA:241,0
DA:248,0
DA:255,0
DA:261,0
DA:268,0
DA:275,0
DA:282,0
DA:288,10
LF:85
LH:9
BRDA:14,0,0,0
BRDA:14,0,1,0
BRDA:14,1,0,0
BRDA:14,1,1,0
BRDA:14,2,0,0
BRDA:14,2,1,0
BRDA:14,3,0,0
BRDA:14,3,1,0
BRDA:15,4,0,0
BRDA:15,4,1,0
BRDA:15,5,0,0
BRDA:15,5,1,0
BRDA:15,6,0,0
BRDA:15,6,1,0
BRDA:15,7,0,0
BRDA:15,7,1,0
BRDA:16,8,0,0
BRDA:16,8,1,0
BRDA:16,9,0,0
BRDA:16,9,1,0
BRDA:16,10,0,0
BRDA:16,10,1,0
BRDA:16,11,0,0
BRDA:16,11,1,0
BRDA:17,12,0,0
BRDA:17,12,1,0
BRDA:17,13,0,0
BRDA:17,13,1,0
BRDA:17,14,0,0
BRDA:17,14,1,0
BRDA:17,15,0,0
BRDA:17,15,1,0
BRDA:18,16,0,0
BRDA:18,16,1,0
BRDA:18,17,0,0
BRDA:18,17,1,0
BRDA:18,18,0,0
BRDA:18,18,1,0
BRDA:18,19,0,0
BRDA:18,19,1,0
BRDA:19,20,0,0
BRDA:19,20,1,0
BRDA:19,21,0,0
BRDA:19,21,1,0
BRDA:19,22,0,0
BRDA:19,22,1,0
BRDA:19,23,0,0
BRDA:19,23,1,0
BRDA:20,24,0,0
BRDA:20,24,1,0
BRDA:20,25,0,0
BRDA:20,25,1,0
BRDA:20,26,0,0
BRDA:20,26,1,0
BRDA:20,27,0,0
BRDA:20,27,1,0
BRDA:21,28,0,0
BRDA:21,28,1,0
BRDA:21,29,0,0
BRDA:21,29,1,0
BRDA:21,30,0,0
BRDA:21,30,1,0
BRDA:21,31,0,0
BRDA:21,31,1,0
BRDA:22,32,0,0
BRDA:22,32,1,0
BRDA:22,33,0,0
BRDA:22,33,1,0
BRDA:22,34,0,0
BRDA:22,34,1,0
BRDA:22,35,0,0
BRDA:22,35,1,0
BRDA:23,36,0,0
BRDA:23,36,1,0
BRDA:23,37,0,0
BRDA:23,37,1,0
BRDA:23,38,0,0
BRDA:23,38,1,0
BRDA:23,39,0,0
BRDA:23,39,1,0
BRDA:24,40,0,0
BRDA:24,40,1,0
BRDA:24,41,0,0
BRDA:24,41,1,0
BRDA:24,42,0,0
BRDA:24,42,1,0
BRDA:24,43,0,0
BRDA:24,43,1,0
BRDA:25,44,0,0
BRDA:25,44,1,0
BRDA:25,45,0,0
BRDA:25,45,1,0
BRDA:25,46,0,0
BRDA:25,46,1,0
BRDA:25,47,0,0
BRDA:25,47,1,0
BRDA:26,48,0,0
BRDA:26,48,1,0
BRDA:26,49,0,0
BRDA:26,49,1,0
BRDA:26,50,0,0
BRDA:26,50,1,0
BRDA:26,51,0,0
BRDA:26,51,1,0
BRDA:27,52,0,0
BRDA:27,52,1,0
BRDA:27,53,0,0
BRDA:27,53,1,0
BRDA:27,54,0,0
BRDA:27,54,1,0
BRDA:27,55,0,0
BRDA:27,55,1,0
BRDA:28,56,0,0
BRDA:28,56,1,0
BRDA:28,57,0,0
BRDA:28,57,1,0
BRDA:28,58,0,0
BRDA:28,58,1,0
BRDA:28,59,0,0
BRDA:28,59,1,0
BRDA:29,60,0,0
BRDA:29,60,1,0
BRDA:29,61,0,0
BRDA:29,61,1,0
BRDA:29,62,0,0
BRDA:29,62,1,0
BRDA:29,63,0,0
BRDA:29,63,1,0
BRDA:30,64,0,0
BRDA:30,64,1,0
BRDA:30,65,0,0
BRDA:30,65,1,0
BRDA:30,66,0,0
BRDA:30,66,1,0
BRDA:30,67,0,0
BRDA:30,67,1,0
BRDA:31,68,0,0
BRDA:31,68,1,0
BRDA:31,69,0,0
BRDA:31,69,1,0
BRDA:31,70,0,0
BRDA:31,70,1,0
BRDA:31,71,0,0
BRDA:31,71,1,0
BRDA:32,72,0,0
BRDA:32,72,1,0
BRDA:32,73,0,0
BRDA:32,73,1,0
BRDA:32,74,0,0
BRDA:32,74,1,0
BRDA:32,75,0,0
BRDA:32,75,1,0
BRDA:41,76,0,0
BRDA:41,76,1,0
BRDA:42,77,0,0
BRDA:42,77,1,0
BRDA:43,78,0,0
BRDA:43,78,1,0
BRDA:44,79,0,0
BRDA:44,79,1,0
BRDA:47,80,0,0
BRDA:47,80,1,0
BRDA:50,81,0,0
BRDA:50,81,1,0
BRDA:53,82,0,0
BRDA:53,82,1,0
BRDA:53,83,0,0
BRDA:53,83,1,0
BRDA:55,84,0,0
BRDA:55,84,1,0
BRDA:58,85,0,0
BRDA:58,85,1,0
BRDA:58,86,0,0
BRDA:58,86,1,0
BRDA:59,87,0,0
BRDA:59,87,1,0
BRDA:62,88,0,0
BRDA:62,88,1,0
BRDA:65,89,0,0
BRDA:65,89,1,0
BRDA:65,90,0,0
BRDA:65,90,1,0
BRDA:67,91,0,0
BRDA:67,91,1,0
BRDA:74,92,0,0
BRDA:74,92,1,0
BRDA:78,93,0,0
BRDA:78,93,1,0
BRDA:78,94,0,0
BRDA:78,94,1,0
BRDA:78,95,0,0
BRDA:78,95,1,0
BRDA:80,96,0,0
BRDA:80,96,1,0
BRDA:80,96,2,0
BRDA:81,97,0,0
BRDA:81,97,1,0
BRDA:81,97,2,0
BRDA:83,98,0,0
BRDA:83,98,1,0
BRDA:83,98,2,0
BRDA:84,99,0,0
BRDA:84,99,1,0
BRDA:84,99,2,0
BRDA:85,100,0,0
BRDA:85,100,1,0
BRDA:85,100,2,0
BRDA:86,101,0,0
BRDA:86,101,1,0
BRDA:86,101,2,0
BRDA:87,102,0,0
BRDA:87,102,1,0
BRDA:87,102,2,0
BRDA:88,103,0,0
BRDA:88,103,1,0
BRDA:88,103,2,0
BRDA:89,104,0,0
BRDA:89,104,1,0
BRDA:89,104,2,0
BRDA:90,105,0,0
BRDA:90,105,1,0
BRDA:90,105,2,0
BRDA:91,106,0,0
BRDA:91,106,1,0
BRDA:91,106,2,0
BRDA:92,107,0,0
BRDA:92,107,1,0
BRDA:92,107,2,0
BRDA:93,108,0,0
BRDA:93,108,1,0
BRDA:93,108,2,0
BRDA:94,109,0,0
BRDA:94,109,1,0
BRDA:94,109,2,0
BRDA:95,110,0,0
BRDA:95,110,1,0
BRDA:95,110,2,0
BRDA:96,111,0,0
BRDA:96,111,1,0
BRDA:96,111,2,0
BRDA:97,112,0,0
BRDA:97,112,1,0
BRDA:97,112,2,0
BRDA:98,113,0,0
BRDA:98,113,1,0
BRDA:98,113,2,0
BRDA:99,114,0,0
BRDA:99,114,1,0
BRDA:99,114,2,0
BRDA:101,115,0,0
BRDA:101,115,1,0
BRDA:141,116,0,0
BRDA:141,116,1,0
BRDA:144,117,0,0
BRDA:144,117,1,0
BRDA:144,118,0,0
BRDA:144,118,1,0
BRDA:144,119,0,0
BRDA:144,119,1,0
BRDA:153,120,0,0
BRDA:153,120,1,0
BRDA:153,120,2,0
BRF:262
BRH:0
end_of_record
TN:
SF:src/components/Company/ContactsPanel/ContactItemRow.tsx
FN:10,(anonymous_2)
FN:16,(anonymous_3)
FN:29,(anonymous_4)
FNF:3
FNH:0
FNDA:0,(anonymous_2)
FNDA:0,(anonymous_3)
FNDA:0,(anonymous_4)
DA:1,10
DA:2,10
DA:3,10
DA:4,10
DA:5,10
DA:7,10
DA:8,10
DA:10,10
DA:11,0
DA:12,0
DA:13,0
DA:14,0
DA:16,0
DA:17,0
DA:18,0
DA:19,0
DA:20,0
DA:21,0
DA:22,0
DA:25,0
DA:29,0
DA:90,10
LF:22
LH:9
BRDA:14,0,0,0
BRDA:14,0,1,0
BRDA:19,1,0,0
BRDA:19,1,1,0
BRDA:20,2,0,0
BRDA:20,2,1,0
BRDA:21,3,0,0
BRDA:21,3,1,0
BRDA:22,4,0,0
BRDA:22,4,1,0
BRDA:27,5,0,0
BRDA:27,5,1,0
BRDA:40,6,0,0
BRDA:40,6,1,0
BRDA:41,7,0,0
BRDA:41,7,1,0
BRDA:45,8,0,0
BRDA:45,8,1,0
BRDA:45,9,0,0
BRDA:45,9,1,0
BRDA:48,10,0,0
BRDA:48,10,1,0
BRDA:48,11,0,0
BRDA:48,11,1,0
BRDA:53,12,0,0
BRDA:53,12,1,0
BRDA:52,13,0,0
BRDA:52,13,1,0
BRDA:52,14,0,0
BRDA:52,14,1,0
BRDA:55,15,0,0
BRDA:55,15,1,0
BRDA:54,16,0,0
BRDA:54,16,1,0
BRDA:54,17,0,0
BRDA:54,17,1,0
BRDA:71,18,0,0
BRDA:71,18,1,0
BRDA:71,19,0,0
BRDA:71,19,1,0
BRDA:75,20,0,0
BRDA:75,20,1,0
BRDA:75,21,0,0
BRDA:75,21,1,0
BRDA:79,22,0,0
BRDA:79,22,1,0
BRDA:79,23,0,0
BRDA:79,23,1,0
BRF:48
BRH:0
end_of_record
TN:
SF:src/components/Company/ContactsPanel/ContactsPanel.tsx
FN:10,(anonymous_3)
FN:14,(anonymous_4)
FNF:2
FNH:0
FNDA:0,(anonymous_3)
FNDA:0,(anonymous_4)
DA:1,10
DA:2,10
DA:3,10
DA:4,10
DA:6,10
DA:7,10
DA:8,10
DA:10,10
DA:11,0
DA:12,0
DA:14,0
DA:15,0
DA:16,0
DA:20,0
DA:21,0
DA:41,10
LF:16
LH:9
BRDA:15,0,0,0
BRDA:15,0,1,0
BRDA:28,1,0,0
BRDA:28,1,1,0
BRDA:36,2,0,0
BRDA:36,2,1,0
BRF:6
BRH:0
end_of_record
TN:
SF:src/components/Company/ContactsPanel/DisplayView.tsx
FN:10,(anonymous_4)
FN:18,(anonymous_5)
FN:30,(anonymous_6)
FN:34,(anonymous_7)
FN:35,(anonymous_8)
FN:39,(anonymous_9)
FN:47,(anonymous_10)
FN:55,(anonymous_11)
FN:69,(anonymous_12)
FN:83,(anonymous_13)
FN:96,(anonymous_14)
FN:119,(anonymous_15)
FN:136,(anonymous_16)
FN:153,(anonymous_17)
FN:170,(anonymous_18)
FN:187,(anonymous_19)
FN:205,(anonymous_20)
FNF:17
FNH:0
FNDA:0,(anonymous_4)
FNDA:0,(anonymous_5)
FNDA:0,(anonymous_6)
FNDA:0,(anonymous_7)
FNDA:0,(anonymous_8)
FNDA:0,(anonymous_9)
FNDA:0,(anonymous_10)
FNDA:0,(anonymous_11)
FNDA:0,(anonymous_12)
FNDA:0,(anonymous_13)
FNDA:0,(anonymous_14)
FNDA:0,(anonymous_15)
FNDA:0,(anonymous_16)
FNDA:0,(anonymous_17)
FNDA:0,(anonymous_18)
FNDA:0,(anonymous_19)
FNDA:0,(anonymous_20)
DA:1,10
DA:2,10
DA:3,10
DA:4,10
DA:5,10
DA:7,10
DA:8,10
DA:10,10
DA:11,0
DA:12,0
DA:13,0
DA:14,0
DA:15,0
DA:16,0
DA:18,0
DA:19,0
DA:22,0
DA:23,0
DA:24,0
DA:26,0
DA:27,0
DA:28,0
DA:30,0
DA:31,0
DA:34,0
DA:35,0
DA:36,0
DA:38,0
DA:40,0
DA:41,0
DA:42,0
DA:46,0
DA:48,0
DA:54,0
DA:56,0
DA:57,0
DA:58,0
DA:68,0
DA:70,0
DA:71,0
DA:72,0
DA:82,0
DA:84,0
DA:85,0
DA:86,0
DA:90,0
DA:93,0
DA:96,0
DA:97,0
DA:100,0
DA:120,0
DA:121,0
DA:137,0
DA:138,0
DA:154,0
DA:155,0
DA:171,0
DA:172,0
DA:188,0
DA:189,0
DA:205,0
DA:216,10
LF:62
LH:9
BRDA:13,0,0,0
BRDA:13,0,1,0
BRDA:13,1,0,0
BRDA:13,1,1,0
BRDA:13,2,0,0
BRDA:13,2,1,0
BRDA:13,3,0,0
BRDA:13,3,1,0
BRDA:37,4,0,0
BRDA:37,4,1,0
BRDA:37,4,2,0
BRDA:37,4,3,0
BRDA:37,4,4,0
BRDA:37,4,5,0
BRDA:40,5,0,0
BRDA:40,5,1,0
BRDA:40,6,0,0
BRDA:40,6,1,0
BRDA:41,7,0,0
BRDA:41,7,1,0
BRDA:41,8,0,0
BRDA:41,8,1,0
BRDA:42,9,0,0
BRDA:42,9,1,0
BRDA:49,10,0,0
BRDA:49,10,1,0
BRDA:49,11,0,0
BRDA:49,11,1,0
BRDA:49,12,0,0
BRDA:49,12,1,0
BRDA:49,13,0,0
BRDA:49,13,1,0
BRDA:49,14,0,0
BRDA:49,14,1,0
BRDA:50,15,0,0
BRDA:50,15,1,0
BRDA:50,16,0,0
BRDA:50,16,1,0
BRDA:50,17,0,0
BRDA:50,17,1,0
BRDA:50,18,0,0
BRDA:50,18,1,0
BRDA:56,19,0,0
BRDA:56,19,1,0
BRDA:56,20,0,0
BRDA:56,20,1,0
BRDA:56,21,0,0
BRDA:56,21,1,0
BRDA:57,22,0,0
BRDA:57,22,1,0
BRDA:57,23,0,0
BRDA:57,23,1,0
BRDA:57,24,0,0
BRDA:57,24,1,0
BRDA:57,25,0,0
BRDA:57,25,1,0
BRDA:59,26,0,0
BRDA:59,26,1,0
BRDA:60,27,0,0
BRDA:60,27,1,0
BRDA:61,28,0,0
BRDA:61,28,1,0
BRDA:61,29,0,0
BRDA:61,29,1,0
BRDA:61,30,0,0
BRDA:61,30,1,0
BRDA:61,31,0,0
BRDA:61,31,1,0
BRDA:63,32,0,0
BRDA:63,32,1,0
BRDA:64,33,0,0
BRDA:64,33,1,0
BRDA:64,34,0,0
BRDA:64,34,1,0
BRDA:64,35,0,0
BRDA:64,35,1,0
BRDA:64,36,0,0
BRDA:64,36,1,0
BRDA:70,37,0,0
BRDA:70,37,1,0
BRDA:71,38,0,0
BRDA:71,38,1,0
BRDA:71,39,0,0
BRDA:71,39,1,0
BRDA:71,40,0,0
BRDA:71,40,1,0
BRDA:71,41,0,0
BRDA:71,41,1,0
BRDA:73,42,0,0
BRDA:73,42,1,0
BRDA:74,43,0,0
BRDA:74,43,1,0
BRDA:75,44,0,0
BRDA:75,44,1,0
BRDA:75,45,0,0
BRDA:75,45,1,0
BRDA:75,46,0,0
BRDA:75,46,1,0
BRDA:75,47,0,0
BRDA:75,47,1,0
BRDA:77,48,0,0
BRDA:77,48,1,0
BRDA:78,49,0,0
BRDA:78,49,1,0
BRDA:78,50,0,0
BRDA:78,50,1,0
BRDA:78,51,0,0
BRDA:78,51,1,0
BRDA:78,52,0,0
BRDA:78,52,1,0
BRDA:84,53,0,0
BRDA:84,53,1,0
BRDA:84,54,0,0
BRDA:84,54,1,0
BRDA:85,55,0,0
BRDA:85,55,1,0
BRDA:85,56,0,0
BRDA:85,56,1,0
BRDA:86,57,0,0
BRDA:86,57,1,0
BRDA:103,58,0,0
BRDA:103,58,1,0
BRDA:103,59,0,0
BRDA:103,59,1,0
BRDA:103,60,0,0
BRDA:103,60,1,0
BRDA:103,61,0,0
BRDA:103,61,1,0
BRDA:130,62,0,0
BRDA:130,62,1,0
BRDA:147,63,0,0
BRDA:147,63,1,0
BRDA:164,64,0,0
BRDA:164,64,1,0
BRDA:181,65,0,0
BRDA:181,65,1,0
BRDA:198,66,0,0
BRDA:198,66,1,0
BRDA:204,67,0,0
BRDA:204,67,1,0
BRF:140
BRH:0
end_of_record
TN:
SF:src/components/Company/ContactsPanel/UpdateView.tsx
FN:8,(anonymous_1)
FN:16,(anonymous_2)
FN:18,(anonymous_3)
FN:21,(anonymous_4)
FN:25,(anonymous_5)
FN:26,(anonymous_6)
FN:27,(anonymous_7)
FN:35,(anonymous_8)
FN:41,(anonymous_9)
FN:46,(anonymous_10)
FNF:10
FNH:0
FNDA:0,(anonymous_1)
FNDA:0,(anonymous_2)
FNDA:0,(anonymous_3)
FNDA:0,(anonymous_4)
FNDA:0,(anonymous_5)
FNDA:0,(anonymous_6)
FNDA:0,(anonymous_7)
FNDA:0,(anonymous_8)
FNDA:0,(anonymous_9)
FNDA:0,(anonymous_10)
DA:1,10
DA:2,10
DA:3,10
DA:5,10
DA:6,10
DA:8,10
DA:9,0
DA:10,0
DA:11,0
DA:12,0
DA:14,0
DA:15,0
DA:16,0
DA:18,0
DA:19,0
DA:21,0
DA:25,0
DA:27,0
DA:32,0
DA:35,0
DA:39,0
DA:41,0
DA:46,0
DA:52,10
LF:24
LH:7
BRDA:11,0,0,0
BRDA:11,0,1,0
BRDA:11,1,0,0
BRDA:11,1,1,0
BRDA:11,2,0,0
BRDA:11,2,1,0
BRDA:11,3,0,0
BRDA:11,3,1,0
BRDA:21,4,0,0
BRDA:21,4,1,0
BRDA:27,5,0,0
BRDA:27,5,1,0
BRDA:27,6,0,0
BRDA:27,6,1,0
BRDA:27,7,0,0
BRDA:27,7,1,0
BRDA:27,8,0,0
BRDA:27,8,1,0
BRDA:32,9,0,0
BRDA:32,9,1,0
BRF:20
BRH:0
end_of_record
TN:
SF:src/components/Company/ContingenciesPanel/ContingenciesFilters.tsx
FN:16,(anonymous_4)
FN:20,(anonymous_5)
FN:22,(anonymous_6)
FN:23,(anonymous_7)
FN:26,(anonymous_8)
FN:31,(anonymous_9)
FN:34,(anonymous_10)
FN:45,(anonymous_11)
FN:68,(anonymous_12)
FN:73,(anonymous_13)
FN:88,(anonymous_14)
FNF:11
FNH:10
FNDA:27,(anonymous_4)
FNDA:3,(anonymous_5)
FNDA:1,(anonymous_6)
FNDA:1,(anonymous_7)
FNDA:2,(anonymous_8)
FNDA:0,(anonymous_9)
FNDA:2,(anonymous_10)
FNDA:1,(anonymous_11)
FNDA:63,(anonymous_12)
FNDA:3,(anonymous_13)
FNDA:1,(anonymous_14)
DA:1,11
DA:2,11
DA:3,11
DA:5,11
DA:6,11
DA:7,11
DA:16,27
DA:17,27
DA:18,54
DA:20,27
DA:21,3
DA:22,1
DA:23,1
DA:26,2
DA:30,27
DA:31,0
DA:34,2
DA:46,1
DA:47,1
DA:48,1
DA:68,63
DA:73,3
DA:89,1
DA:90,1
DA:106,11
LF:25
LH:24
BRDA:21,0,0,1
BRDA:21,0,1,2
BRDA:35,1,0,7
BRDA:35,1,1,20
BRDA:39,2,0,27
BRDA:39,2,1,5
BRDA:70,3,0,5
BRDA:70,3,1,58
BRDA:71,4,0,5
BRDA:71,4,1,58
BRF:10
BRH:10
end_of_record
TN:
SF:src/components/Company/ContingenciesPanel/ContingenciesGrid.tsx
FN:11,(anonymous_2)
FN:15,(anonymous_3)
FN:23,(anonymous_4)
FNF:3
FNH:2
FNDA:15,(anonymous_2)
FNDA:29,(anonymous_3)
FNDA:0,(anonymous_4)
DA:1,10
DA:3,10
DA:11,15
DA:12,15
DA:13,15
DA:15,29
DA:23,0
DA:36,10
LF:8
LH:7
BRF:0
BRH:0
end_of_record
TN:
SF:src/components/Company/ContingenciesPanel/ContingenciesPanel.tsx
FN:15,(anonymous_3)
FN:18,(anonymous_4)
FN:24,(anonymous_5)
FN:31,(anonymous_6)
FN:31,(anonymous_7)
FN:35,(anonymous_8)
FN:35,(anonymous_9)
FN:70,(anonymous_10)
FN:81,(anonymous_11)
FNF:9
FNH:9
FNDA:18,(anonymous_3)
FNDA:7,(anonymous_4)
FNDA:7,(anonymous_5)
FNDA:8,(anonymous_6)
FNDA:16,(anonymous_7)
FNDA:7,(anonymous_8)
FNDA:14,(anonymous_9)
FNDA:1,(anonymous_10)
FNDA:1,(anonymous_11)
DA:1,10
DA:2,10
DA:3,10
DA:4,10
DA:5,10
DA:6,10
DA:7,10
DA:9,10
DA:10,10
DA:11,10
DA:12,10
DA:13,10
DA:15,10
DA:16,36
DA:17,18
DA:18,18
DA:19,18
DA:20,18
DA:21,18
DA:22,18
DA:24,18
DA:25,7
DA:26,7
DA:30,18
DA:31,16
DA:34,18
DA:35,14
DA:39,18
DA:70,1
DA:82,1
DA:83,1
DA:108,10
LF:32
LH:32
BRDA:18,0,0,7
BRDA:18,0,1,0
BRDA:18,1,0,7
BRDA:18,1,1,7
BRDA:18,2,0,0
BRDA:18,2,1,7
BRDA:18,3,0,7
BRDA:18,3,1,7
BRDA:25,4,0,7
BRDA:25,4,1,0
BRDA:25,5,0,0
BRDA:25,5,1,7
BRDA:25,6,0,7
BRDA:25,6,1,7
BRDA:26,7,0,0
BRDA:26,7,1,7
BRDA:26,8,0,7
BRDA:26,8,1,7
BRDA:35,9,0,7
BRDA:35,9,1,0
BRDA:40,10,0,3
BRDA:40,10,1,15
BRDA:40,11,0,18
BRDA:40,11,1,16
BRDA:56,12,0,18
BRDA:56,12,1,11
BRDA:72,13,0,1
BRDA:72,13,1,17
BRDA:75,14,0,18
BRDA:75,14,1,1
BRDA:93,15,0,2
BRDA:93,15,1,16
BRDA:96,16,0,0
BRDA:96,16,1,2
BRDA:100,17,0,1
BRDA:100,17,1,15
BRF:36
BRH:29
end_of_record
TN:
SF:src/components/Company/ContingenciesPanel/ContingencyFormItem.tsx
FN:13,(anonymous_23)
FN:22,(anonymous_24)
FN:22,(anonymous_25)
FN:54,(anonymous_27)
FN:70,(anonymous_28)
FN:84,(anonymous_29)
FN:91,(anonymous_30)
FN:98,(anonymous_31)
FNF:8
FNH:2
FNDA:4,(anonymous_23)
FNDA:0,(anonymous_24)
FNDA:0,(anonymous_25)
FNDA:0,(anonymous_27)
FNDA:2,(anonymous_28)
FNDA:0,(anonymous_29)
FNDA:0,(anonymous_30)
FNDA:0,(anonymous_31)
DA:1,10
DA:2,10
DA:3,10
DA:4,10
DA:5,10
DA:6,10
DA:8,10
DA:9,20
DA:10,10
DA:12,10
DA:14,12
DA:15,4
DA:16,4
DA:17,4
DA:18,4
DA:19,4
DA:21,4
DA:22,0
DA:23,0
DA:27,0
DA:28,0
DA:30,0
DA:31,0
DA:33,0
DA:34,0
DA:35,0
DA:37,0
DA:43,0
DA:45,0
DA:54,4
DA:55,0
DA:56,0
DA:58,0
DA:64,0
DA:65,0
DA:70,4
DA:74,4
DA:84,0
DA:91,0
DA:98,0
DA:105,10
LF:41
LH:21
BRDA:16,0,0,4
BRDA:16,0,1,0
BRDA:16,1,0,4
BRDA:16,1,1,4
BRDA:16,2,0,0
BRDA:16,2,1,4
BRDA:16,3,0,4
BRDA:16,3,1,4
BRDA:17,4,0,4
BRDA:17,4,1,0
BRDA:17,5,0,4
BRDA:17,5,1,4
BRDA:17,6,0,0
BRDA:17,6,1,4
BRDA:17,7,0,4
BRDA:17,7,1,4
BRDA:18,8,0,4
BRDA:18,8,1,0
BRDA:18,9,0,4
BRDA:18,9,1,4
BRDA:18,10,0,0
BRDA:18,10,1,4
BRDA:18,11,0,4
BRDA:18,11,1,4
BRDA:23,12,0,0
BRDA:33,13,0,0
BRDA:33,13,1,0
BRDA:55,14,0,0
BRDA:55,14,1,0
BRDA:55,15,0,0
BRDA:55,15,1,0
BRDA:55,16,0,0
BRDA:55,16,1,0
BRDA:59,17,0,0
BRDA:59,17,1,0
BRDA:59,17,2,0
BRDA:60,18,0,0
BRDA:60,18,1,0
BRDA:60,18,2,0
BRDA:61,19,0,0
BRDA:61,19,1,0
BRDA:61,19,2,0
BRDA:64,20,0,0
BRDA:64,20,1,0
BRDA:65,21,0,0
BRDA:65,21,1,0
BRDA:65,22,0,0
BRDA:65,22,1,0
BRDA:76,23,0,4
BRDA:76,23,1,0
BRDA:76,24,0,4
BRDA:76,24,1,4
BRDA:76,25,0,0
BRDA:76,25,1,4
BRDA:76,26,0,4
BRDA:76,26,1,4
BRDA:77,27,0,4
BRDA:77,27,1,2
BRF:58
BRH:26
end_of_record
TN:
SF:src/components/Company/ContingenciesPanel/ContingencyItem.tsx
FN:10,(anonymous_2)
FNF:1
FNH:0
FNDA:0,(anonymous_2)
DA:1,10
DA:2,10
DA:3,10
DA:4,10
DA:5,10
DA:6,10
DA:7,10
DA:10,10
DA:18,0
DA:19,0
DA:21,0
DA:71,10
LF:12
LH:9
BRDA:59,0,0,0
BRDA:59,0,1,0
BRDA:59,1,0,0
BRDA:59,1,1,0
BRDA:60,2,0,0
BRDA:60,2,1,0
BRDA:60,3,0,0
BRDA:60,3,1,0
BRF:8
BRH:0
end_of_record
TN:
SF:src/components/Company/ContingenciesPanel/ContingencyItemRow.tsx
FN:10,(anonymous_2)
FN:21,(anonymous_3)
FN:55,(anonymous_4)
FN:55,(anonymous_5)
FNF:4
FNH:1
FNDA:2,(anonymous_2)
FNDA:0,(anonymous_3)
FNDA:0,(anonymous_4)
FNDA:0,(anonymous_5)
DA:1,10
DA:2,10
DA:3,10
DA:4,10
DA:5,10
DA:6,10
DA:8,10
DA:10,10
DA:11,2
DA:12,2
DA:13,2
DA:14,2
DA:15,2
DA:17,2
DA:21,0
DA:55,0
DA:71,10
LF:17
LH:15
BRDA:15,0,0,2
BRDA:15,0,1,0
BRDA:19,1,0,2
BRDA:19,1,1,0
BRDA:51,2,0,0
BRDA:51,2,1,2
BRDA:61,3,0,0
BRDA:61,3,1,2
BRDA:61,4,0,0
BRDA:61,4,1,2
BRDA:61,5,0,2
BRDA:61,5,1,2
BRDA:61,6,0,0
BRDA:61,6,1,2
BRDA:61,7,0,2
BRDA:61,7,1,2
BRDA:61,8,0,0
BRDA:61,8,1,0
BRF:18
BRH:10
end_of_record
TN:
SF:src/components/Company/ContingenciesPanel/DisplayView.tsx
FN:10,(anonymous_3)
FN:48,(anonymous_4)
FN:60,(anonymous_5)
FN:64,(anonymous_6)
FN:64,(anonymous_7)
FN:65,(anonymous_8)
FN:65,(anonymous_9)
FN:71,(anonymous_10)
FNF:8
FNH:2
FNDA:16,(anonymous_3)
FNDA:2,(anonymous_4)
FNDA:0,(anonymous_5)
FNDA:0,(anonymous_6)
FNDA:0,(anonymous_7)
FNDA:0,(anonymous_8)
FNDA:0,(anonymous_9)
FNDA:0,(anonymous_10)
DA:1,10
DA:2,10
DA:3,10
DA:5,10
DA:6,10
DA:7,10
DA:8,10
DA:10,10
DA:11,32
DA:12,16
DA:13,16
DA:14,16
DA:15,16
DA:17,16
DA:48,2
DA:60,0
DA:64,0
DA:65,0
DA:72,0
DA:73,0
DA:84,10
LF:21
LH:16
BRDA:20,0,0,1
BRDA:20,0,1,15
BRDA:47,1,0,1
BRDA:47,1,1,0
BRDA:57,2,0,15
BRDA:57,2,1,0
BRDA:58,3,0,0
BRDA:58,3,1,15
BRF:8
BRH:5
end_of_record
TN:
SF:src/components/Company/ContingenciesPanel/UpdateView.tsx
FN:8,(anonymous_3)
FN:14,(anonymous_4)
FN:16,(anonymous_5)
FN:19,(anonymous_6)
FN:24,(anonymous_7)
FN:25,(anonymous_8)
FN:26,(anonymous_9)
FN:34,(anonymous_10)
FN:46,(anonymous_11)
FN:58,(anonymous_12)
FNF:10
FNH:5
FNDA:2,(anonymous_3)
FNDA:1,(anonymous_4)
FNDA:1,(anonymous_5)
FNDA:2,(anonymous_6)
FNDA:0,(anonymous_7)
FNDA:0,(anonymous_8)
FNDA:0,(anonymous_9)
FNDA:0,(anonymous_10)
FNDA:4,(anonymous_11)
FNDA:0,(anonymous_12)
DA:1,10
DA:2,10
DA:3,10
DA:5,10
DA:6,10
DA:8,10
DA:9,4
DA:10,2
DA:11,2
DA:12,2
DA:13,2
DA:14,2
DA:16,1
DA:17,1
DA:19,2
DA:24,2
DA:26,0
DA:31,2
DA:34,0
DA:43,2
DA:46,4
DA:58,0
DA:67,10
LF:23
LH:20
BRDA:19,0,0,2
BRDA:19,0,1,2
BRDA:26,1,0,0
BRDA:26,1,1,0
BRDA:26,2,0,0
BRDA:26,2,1,0
BRDA:26,3,0,0
BRDA:26,3,1,0
BRDA:26,4,0,0
BRDA:26,4,1,0
BRDA:31,5,0,2
BRDA:31,5,1,0
BRF:12
BRH:3
end_of_record
TN:
SF:src/components/Company/CustomersPanel/CustomersPanel.tsx
FN:9,(anonymous_3)
FN:14,(anonymous_4)
FNF:2
FNH:2
FNDA:2,(anonymous_3)
FNDA:1,(anonymous_4)
DA:1,10
DA:2,10
DA:3,10
DA:5,10
DA:6,10
DA:7,10
DA:9,10
DA:10,4
DA:11,2
DA:12,2
DA:14,2
DA:15,1
DA:22,1
DA:26,2
DA:43,10
LF:15
LH:15
BRDA:15,0,0,1
BRDA:15,0,1,0
BRDA:16,1,0,1
BRDA:16,1,1,0
BRDA:16,1,2,0
BRDA:16,1,3,0
BRDA:16,1,4,0
BRDA:16,2,0,0
BRDA:16,2,1,1
BRDA:16,3,0,1
BRDA:16,3,1,1
BRDA:17,4,0,0
BRDA:17,4,1,0
BRDA:17,5,0,0
BRDA:17,5,1,0
BRDA:18,6,0,0
BRDA:18,6,1,0
BRDA:18,7,0,0
BRDA:18,7,1,0
BRDA:19,8,0,0
BRDA:19,8,1,0
BRDA:19,9,0,0
BRDA:19,9,1,0
BRDA:20,10,0,0
BRDA:20,10,1,0
BRDA:20,11,0,0
BRDA:20,11,1,0
BRDA:27,12,0,0
BRDA:27,12,1,2
BRDA:29,13,0,1
BRDA:29,13,1,1
BRDA:28,14,0,2
BRDA:28,14,1,1
BRDA:36,15,0,0
BRDA:36,15,1,1
BRF:35
BRH:11
end_of_record
TN:
SF:src/components/Company/CustomersPanel/DisplayView.tsx
FN:6,(anonymous_1)
FNF:1
FNH:1
FNDA:1,(anonymous_1)
DA:1,10
DA:2,10
DA:4,10
DA:6,10
DA:7,1
DA:8,1
DA:9,1
DA:14,1
DA:40,10
LF:9
LH:9
BRDA:16,0,0,1
BRDA:16,0,1,1
BRDA:20,1,0,0
BRDA:20,1,1,1
BRDA:24,2,0,1
BRDA:24,2,1,1
BRDA:27,3,0,1
BRDA:27,3,1,1
BRDA:30,4,0,1
BRDA:30,4,1,1
BRDA:33,5,0,1
BRDA:33,5,1,1
BRF:12
BRH:11
end_of_record
TN:
SF:src/components/Company/CustomersPanel/ItemPanel.tsx
FN:4,(anonymous_2)
FNF:1
FNH:1
FNDA:5,(anonymous_2)
DA:1,10
DA:2,10
DA:4,10
DA:12,30
DA:13,5
DA:35,10
LF:6
LH:6
BRDA:20,0,0,5
BRDA:20,0,1,1
BRDA:21,1,0,0
BRDA:21,1,1,5
BRDA:21,2,0,5
BRDA:21,2,1,5
BRDA:22,3,0,1
BRDA:22,3,1,4
BRDA:25,4,0,5
BRDA:25,4,1,0
BRDA:26,5,0,0
BRDA:26,5,1,0
BRDA:26,6,0,0
BRDA:26,6,1,0
BRF:14
BRH:8
end_of_record
TN:
SF:src/components/Company/CustomersPanel/UpdateView.tsx
FN:14,(anonymous_2)
FN:17,(anonymous_3)
FN:18,(anonymous_4)
FN:19,(anonymous_5)
FN:20,(anonymous_6)
FN:21,(anonymous_7)
FN:32,(anonymous_8)
FN:50,(anonymous_9)
FN:67,(anonymous_10)
FN:84,(anonymous_11)
FN:101,(anonymous_12)
FNF:11
FNH:0
FNDA:0,(anonymous_2)
FNDA:0,(anonymous_3)
FNDA:0,(anonymous_4)
FNDA:0,(anonymous_5)
FNDA:0,(anonymous_6)
FNDA:0,(anonymous_7)
FNDA:0,(anonymous_8)
FNDA:0,(anonymous_9)
FNDA:0,(anonymous_10)
FNDA:0,(anonymous_11)
FNDA:0,(anonymous_12)
DA:2,10
DA:3,10
DA:4,10
DA:12,10
DA:14,10
DA:15,0
DA:16,0
DA:17,0
DA:18,0
DA:19,0
DA:20,0
DA:21,0
DA:22,0
DA:33,0
DA:34,0
DA:36,0
DA:51,0
DA:52,0
DA:54,0
DA:68,0
DA:69,0
DA:71,0
DA:85,0
DA:86,0
DA:88,0
DA:102,0
DA:103,0
DA:105,0
DA:114,10
LF:29
LH:6
BRDA:29,0,0,0
BRDA:29,0,1,0
BRDA:29,1,0,0
BRDA:29,1,1,0
BRDA:33,2,0,0
BRDA:33,2,1,0
BRDA:46,3,0,0
BRDA:46,3,1,0
BRDA:46,4,0,0
BRDA:46,4,1,0
BRDA:51,5,0,0
BRDA:51,5,1,0
BRDA:68,6,0,0
BRDA:68,6,1,0
BRDA:85,7,0,0
BRDA:85,7,1,0
BRDA:102,8,0,0
BRDA:102,8,1,0
BRF:18
BRH:0
end_of_record
TN:
SF:src/components/Company/DiversityAndEmployees/DisplayView.tsx
FN:8,(anonymous_3)
FN:93,(anonymous_4)
FNF:2
FNH:0
FNDA:0,(anonymous_3)
FNDA:0,(anonymous_4)
DA:1,10
DA:2,10
DA:3,10
DA:4,10
DA:6,10
DA:8,10
DA:9,0
DA:10,0
DA:12,0
DA:94,0
DA:130,10
LF:11
LH:7
BRDA:16,0,0,0
BRDA:16,0,1,0
BRDA:23,1,0,0
BRDA:23,1,1,0
BRDA:31,2,0,0
BRDA:31,2,1,0
BRDA:35,3,0,0
BRDA:35,3,1,0
BRDA:41,4,0,0
BRDA:41,4,1,0
BRDA:46,5,0,0
BRDA:46,5,1,0
BRDA:49,6,0,0
BRDA:49,6,1,0
BRDA:53,7,0,0
BRDA:53,7,1,0
BRDA:63,8,0,0
BRDA:63,8,1,0
BRDA:68,9,0,0
BRDA:68,9,1,0
BRDA:76,10,0,0
BRDA:76,10,1,0
BRDA:84,11,0,0
BRDA:84,11,1,0
BRDA:89,12,0,0
BRDA:89,12,1,0
BRDA:92,13,0,0
BRDA:92,13,1,0
BRDA:106,14,0,0
BRDA:106,14,1,0
BRDA:114,15,0,0
BRDA:114,15,1,0
BRDA:119,16,0,0
BRDA:119,16,1,0
BRF:34
BRH:0
end_of_record
TN:
SF:src/components/Company/DiversityAndEmployees/DiversityAndEmployeesPanel.tsx
FN:11,(anonymous_3)
FN:20,(anonymous_4)
FN:37,(anonymous_5)
FNF:3
FNH:0
FNDA:0,(anonymous_3)
FNDA:0,(anonymous_4)
FNDA:0,(anonymous_5)
DA:1,10
DA:2,10
DA:3,10
DA:4,10
DA:5,10
DA:7,10
DA:8,10
DA:9,10
DA:11,10
DA:12,0
DA:13,0
DA:14,0
DA:15,0
DA:16,0
DA:17,0
DA:18,0
DA:20,0
DA:21,0
DA:27,0
DA:29,0
DA:30,0
DA:32,0
DA:33,0
DA:37,0
DA:38,0
DA:39,0
DA:43,0
DA:69,10
LF:28
LH:10
BRDA:21,0,0,0
BRDA:21,0,1,0
BRDA:22,1,0,0
BRDA:22,1,1,0
BRDA:22,1,2,0
BRDA:22,1,3,0
BRDA:29,2,0,0
BRDA:29,2,1,0
BRDA:29,3,0,0
BRDA:29,3,1,0
BRDA:29,3,2,0
BRDA:32,4,0,0
BRDA:32,4,1,0
BRDA:32,5,0,0
BRDA:32,5,1,0
BRDA:38,6,0,0
BRDA:38,6,1,0
BRDA:38,7,0,0
BRDA:38,7,1,0
BRDA:38,7,2,0
BRDA:44,8,0,0
BRDA:44,8,1,0
BRDA:46,9,0,0
BRDA:46,9,1,0
BRDA:45,10,0,0
BRDA:45,10,1,0
BRDA:51,11,0,0
BRDA:51,11,1,0
BRDA:51,12,0,0
BRDA:51,12,1,0
BRDA:57,13,0,0
BRDA:57,13,1,0
BRDA:59,14,0,0
BRDA:59,14,1,0
BRF:34
BRH:0
end_of_record
TN:
SF:src/components/Company/DiversityAndEmployees/ItemPanel.tsx
FN:3,(anonymous_2)
FNF:1
FNH:0
FNDA:0,(anonymous_2)
DA:1,10
DA:3,10
DA:4,0
DA:5,0
DA:31,10
LF:5
LH:3
BRDA:8,0,0,0
BRDA:8,0,1,0
BRDA:13,1,0,0
BRDA:13,1,1,0
BRF:4
BRH:0
end_of_record
TN:
SF:src/components/Company/DiversityAndEmployees/UpdateView.tsx
FN:14,(anonymous_2)
FN:17,(anonymous_3)
FN:18,(anonymous_4)
FN:20,(anonymous_5)
FN:22,(anonymous_6)
FN:23,(anonymous_7)
FN:35,(anonymous_8)
FN:50,(anonymous_9)
FN:68,(anonymous_10)
FN:86,(anonymous_11)
FN:101,(anonymous_12)
FNF:11
FNH:0
FNDA:0,(anonymous_2)
FNDA:0,(anonymous_3)
FNDA:0,(anonymous_4)
FNDA:0,(anonymous_5)
FNDA:0,(anonymous_6)
FNDA:0,(anonymous_7)
FNDA:0,(anonymous_8)
FNDA:0,(anonymous_9)
FNDA:0,(anonymous_10)
FNDA:0,(anonymous_11)
FNDA:0,(anonymous_12)
DA:2,10
DA:3,10
DA:4,10
DA:12,10
DA:14,10
DA:15,0
DA:16,0
DA:17,0
DA:18,0
DA:19,0
DA:20,0
DA:22,0
DA:23,0
DA:25,0
DA:36,0
DA:37,0
DA:39,0
DA:51,0
DA:52,0
DA:54,0
DA:69,0
DA:70,0
DA:72,0
DA:87,0
DA:88,0
DA:90,0
DA:102,0
DA:103,0
DA:105,0
DA:114,10
LF:30
LH:6
BRDA:36,0,0,0
BRDA:36,0,1,0
BRDA:51,1,0,0
BRDA:51,1,1,0
BRDA:69,2,0,0
BRDA:69,2,1,0
BRDA:87,3,0,0
BRDA:87,3,1,0
BRDA:102,4,0,0
BRDA:102,4,1,0
BRF:10
BRH:0
end_of_record
TN:
SF:src/components/Company/FeedPanel/FeedPanel.tsx
FN:9,(anonymous_4)
FN:28,(anonymous_5)
FN:38,(anonymous_6)
FNF:3
FNH:0
FNDA:0,(anonymous_4)
FNDA:0,(anonymous_5)
FNDA:0,(anonymous_6)
DA:1,10
DA:2,10
DA:3,10
DA:5,10
DA:6,10
DA:7,10
DA:9,10
DA:10,0
DA:11,0
DA:13,0
DA:28,10
DA:29,0
DA:30,0
DA:31,0
DA:32,0
DA:34,0
DA:38,0
DA:46,10
LF:18
LH:9
BRDA:15,0,0,0
BRDA:15,0,1,0
BRDA:30,1,0,0
BRDA:30,1,1,0
BRDA:31,2,0,0
BRDA:31,2,1,0
BRF:6
BRH:0
end_of_record
TN:
SF:src/components/Company/FeedPanel/NewComponent.tsx
FN:5,(anonymous_2)
FN:16,(anonymous_3)
FNF:2
FNH:0
FNDA:0,(anonymous_2)
FNDA:0,(anonymous_3)
DA:1,10
DA:3,10
DA:5,10
DA:6,0
DA:8,0
DA:16,0
DA:33,10
LF:7
LH:4
BRDA:11,0,0,0
BRDA:11,0,1,0
BRF:2
BRH:0
end_of_record
TN:
SF:src/components/Company/FinancialsPanel/DisplayView.tsx
FN:9,(anonymous_3)
FNF:1
FNH:0
FNDA:0,(anonymous_3)
DA:1,10
DA:2,10
DA:3,10
DA:4,10
DA:6,10
DA:7,10
DA:9,10
DA:10,0
DA:11,0
DA:13,0
DA:58,10
LF:11
LH:8
BRDA:16,0,0,0
BRDA:16,0,1,0
BRDA:20,1,0,0
BRDA:20,1,1,0
BRDA:25,2,0,0
BRDA:25,2,1,0
BRDA:29,3,0,0
BRDA:29,3,1,0
BRDA:34,4,0,0
BRDA:34,4,1,0
BRDA:38,5,0,0
BRDA:38,5,1,0
BRDA:45,6,0,0
BRDA:45,6,1,0
BRDA:50,7,0,0
BRDA:50,7,1,0
BRF:16
BRH:0
end_of_record
TN:
SF:src/components/Company/FinancialsPanel/FinancialsPanel.tsx
FN:10,(anonymous_3)
FNF:1
FNH:0
FNDA:0,(anonymous_3)
DA:1,10
DA:2,10
DA:3,10
DA:4,10
DA:5,10
DA:7,10
DA:8,10
DA:9,10
DA:10,10
DA:11,0
DA:12,0
DA:13,0
DA:15,0
DA:35,10
LF:14
LH:10
BRDA:16,0,0,0
BRDA:16,0,1,0
BRDA:21,1,0,0
BRDA:21,1,1,0
BRDA:21,2,0,0
BRDA:21,2,1,0
BRDA:25,3,0,0
BRDA:25,3,1,0
BRDA:27,4,0,0
BRDA:27,4,1,0
BRF:10
BRH:0
end_of_record
TN:
SF:src/components/Company/FinancialsPanel/ItemPanel.tsx
FN:3,(anonymous_2)
FNF:1
FNH:0
FNDA:0,(anonymous_2)
DA:1,10
DA:3,10
DA:4,0
DA:5,0
DA:17,10
LF:5
LH:3
BRF:0
BRH:0
end_of_record
TN:
SF:src/components/Company/FinancialsPanel/SubItemPanel.tsx
FN:3,(anonymous_2)
FNF:1
FNH:0
FNDA:0,(anonymous_2)
DA:1,10
DA:3,10
DA:4,0
DA:5,0
DA:20,10
LF:5
LH:3
BRDA:7,0,0,0
BRDA:7,0,1,0
BRF:2
BRH:0
end_of_record
TN:
SF:src/components/Company/FinancialsPanel/UpdateView.tsx
FN:13,(anonymous_2)
FN:16,(anonymous_3)
FN:17,(anonymous_4)
FN:18,(anonymous_5)
FN:19,(anonymous_6)
FN:31,(anonymous_7)
FN:63,(anonymous_8)
FN:96,(anonymous_9)
FN:129,(anonymous_10)
FNF:9
FNH:0
FNDA:0,(anonymous_2)
FNDA:0,(anonymous_3)
FNDA:0,(anonymous_4)
FNDA:0,(anonymous_5)
FNDA:0,(anonymous_6)
FNDA:0,(anonymous_7)
FNDA:0,(anonymous_8)
FNDA:0,(anonymous_9)
FNDA:0,(anonymous_10)
DA:2,10
DA:3,10
DA:4,10
DA:11,10
DA:13,10
DA:14,0
DA:15,0
DA:16,0
DA:17,0
DA:18,0
DA:19,0
DA:21,0
DA:32,0
DA:33,0
DA:35,0
DA:64,0
DA:65,0
DA:67,0
DA:97,0
DA:98,0
DA:100,0
DA:130,0
DA:131,0
DA:133,0
DA:157,10
LF:25
LH:6
BRDA:32,0,0,0
BRDA:32,0,1,0
BRDA:64,1,0,0
BRDA:64,1,1,0
BRDA:97,2,0,0
BRDA:97,2,1,0
BRDA:130,3,0,0
BRDA:130,3,1,0
BRF:8
BRH:0
end_of_record
TN:
SF:src/components/Company/InsurancePanel/DisplayView.tsx
FN:11,(anonymous_4)
FN:22,(anonymous_5)
FN:26,(anonymous_6)
FN:27,(anonymous_7)
FN:31,(anonymous_8)
FN:39,(anonymous_9)
FN:47,(anonymous_10)
FN:55,(anonymous_11)
FN:66,(anonymous_12)
FN:79,(anonymous_13)
FN:91,(anonymous_14)
FN:108,(anonymous_15)
FN:125,(anonymous_16)
FN:142,(anonymous_17)
FN:159,(anonymous_18)
FN:182,(anonymous_19)
FN:194,(anonymous_20)
FN:198,(anonymous_21)
FN:198,(anonymous_22)
FN:199,(anonymous_23)
FN:199,(anonymous_24)
FN:205,(anonymous_25)
FNF:22
FNH:7
FNDA:19,(anonymous_4)
FNDA:8,(anonymous_5)
FNDA:7,(anonymous_6)
FNDA:7,(anonymous_7)
FNDA:0,(anonymous_8)
FNDA:0,(anonymous_9)
FNDA:0,(anonymous_10)
FNDA:0,(anonymous_11)
FNDA:7,(anonymous_12)
FNDA:7,(anonymous_13)
FNDA:0,(anonymous_14)
FNDA:0,(anonymous_15)
FNDA:0,(anonymous_16)
FNDA:0,(anonymous_17)
FNDA:0,(anonymous_18)
FNDA:35,(anonymous_19)
FNDA:0,(anonymous_20)
FNDA:0,(anonymous_21)
FNDA:0,(anonymous_22)
FNDA:0,(anonymous_23)
FNDA:0,(anonymous_24)
FNDA:0,(anonymous_25)
DA:1,10
DA:2,10
DA:3,10
DA:4,10
DA:6,10
DA:7,10
DA:8,10
DA:9,10
DA:11,10
DA:12,19
DA:13,38
DA:14,19
DA:15,19
DA:16,19
DA:18,19
DA:19,19
DA:20,19
DA:22,19
DA:23,8
DA:26,19
DA:27,7
DA:28,7
DA:30,0
DA:32,0
DA:33,0
DA:34,0
DA:38,0
DA:40,0
DA:41,0
DA:42,0
DA:46,0
DA:48,0
DA:49,0
DA:50,0
DA:54,0
DA:56,0
DA:57,0
DA:59,0
DA:65,7
DA:67,7
DA:73,0
DA:76,7
DA:79,19
DA:80,7
DA:83,19
DA:92,0
DA:93,0
DA:109,0
DA:110,0
DA:126,0
DA:127,0
DA:143,0
DA:144,0
DA:160,0
DA:161,0
DA:182,35
DA:194,0
DA:198,0
DA:199,0
DA:206,0
DA:207,0
DA:216,10
LF:62
LH:30
BRDA:23,0,0,8
BRDA:23,0,1,0
BRDA:23,1,0,8
BRDA:23,1,1,8
BRDA:29,2,0,0
BRDA:29,2,1,0
BRDA:29,2,2,0
BRDA:29,2,3,0
BRDA:29,2,4,7
BRDA:29,2,5,0
BRDA:32,3,0,0
BRDA:32,3,1,0
BRDA:32,4,0,0
BRDA:32,4,1,0
BRDA:33,5,0,0
BRDA:33,5,1,0
BRDA:33,6,0,0
BRDA:33,6,1,0
BRDA:34,7,0,0
BRDA:34,7,1,0
BRDA:42,8,0,0
BRDA:42,8,1,0
BRDA:50,9,0,0
BRDA:50,9,1,0
BRDA:60,10,0,0
BRDA:60,10,1,0
BRDA:60,11,0,0
BRDA:60,11,1,0
BRDA:60,11,2,0
BRDA:68,12,0,7
BRDA:68,12,1,0
BRDA:68,13,0,7
BRDA:68,13,1,0
BRDA:68,14,0,7
BRDA:68,14,1,7
BRDA:68,15,0,7
BRDA:68,15,1,0
BRDA:68,16,0,7
BRDA:68,16,1,7
BRDA:69,17,0,0
BRDA:69,17,1,0
BRDA:69,18,0,0
BRDA:69,18,1,0
BRDA:69,19,0,0
BRDA:69,19,1,0
BRDA:69,20,0,0
BRDA:69,20,1,0
BRDA:84,21,0,18
BRDA:84,21,1,1
BRDA:102,22,0,18
BRDA:102,22,1,0
BRDA:119,23,0,0
BRDA:119,23,1,18
BRDA:136,24,0,0
BRDA:136,24,1,18
BRDA:153,25,0,0
BRDA:153,25,1,18
BRDA:170,26,0,0
BRDA:170,26,1,18
BRDA:181,27,0,18
BRDA:181,27,1,0
BRDA:191,28,0,1
BRDA:191,28,1,0
BRDA:192,29,0,0
BRDA:192,29,1,1
BRF:65
BRH:21
end_of_record
TN:
SF:src/components/Company/InsurancePanel/InsuranceFilters.tsx
FN:17,(anonymous_4)
FN:21,(anonymous_5)
FN:23,(anonymous_6)
FN:24,(anonymous_7)
FN:27,(anonymous_8)
FN:32,(anonymous_9)
FN:36,(anonymous_10)
FN:47,(anonymous_11)
FN:69,(anonymous_12)
FN:74,(anonymous_13)
FN:89,(anonymous_14)
FNF:11
FNH:6
FNDA:20,(anonymous_4)
FNDA:1,(anonymous_5)
FNDA:0,(anonymous_6)
FNDA:0,(anonymous_7)
FNDA:1,(anonymous_8)
FNDA:0,(anonymous_9)
FNDA:1,(anonymous_10)
FNDA:0,(anonymous_11)
FNDA:40,(anonymous_12)
FNDA:1,(anonymous_13)
FNDA:0,(anonymous_14)
DA:1,10
DA:2,10
DA:3,10
DA:5,10
DA:6,10
DA:7,10
DA:17,20
DA:18,20
DA:19,40
DA:21,20
DA:22,1
DA:23,0
DA:24,0
DA:27,1
DA:31,20
DA:32,0
DA:36,1
DA:48,0
DA:49,0
DA:50,0
DA:69,40
DA:74,1
DA:90,0
DA:91,0
DA:126,10
LF:25
LH:17
BRDA:22,0,0,0
BRDA:22,0,1,1
BRDA:35,1,0,20
BRDA:35,1,1,1
BRDA:37,2,0,2
BRDA:37,2,1,18
BRDA:42,3,0,20
BRDA:42,3,1,1
BRDA:71,4,0,1
BRDA:71,4,1,39
BRDA:72,5,0,1
BRDA:72,5,1,39
BRF:12
BRH:11
end_of_record
TN:
SF:src/components/Company/InsurancePanel/InsuranceFormItem.tsx
FN:14,(anonymous_23)
FN:25,(anonymous_24)
FN:26,(anonymous_25)
FN:32,(anonymous_26)
FN:32,(anonymous_27)
FN:60,(anonymous_29)
FN:100,(anonymous_30)
FN:116,(anonymous_31)
FN:129,(anonymous_32)
FN:136,(anonymous_33)
FN:145,(anonymous_34)
FNF:11
FNH:4
FNDA:4,(anonymous_23)
FNDA:2,(anonymous_24)
FNDA:2,(anonymous_25)
FNDA:0,(anonymous_26)
FNDA:0,(anonymous_27)
FNDA:0,(anonymous_29)
FNDA:2,(anonymous_30)
FNDA:0,(anonymous_31)
FNDA:0,(anonymous_32)
FNDA:0,(anonymous_33)
FNDA:0,(anonymous_34)
DA:1,10
DA:2,10
DA:3,10
DA:4,10
DA:5,10
DA:6,10
DA:7,10
DA:9,10
DA:10,20
DA:11,10
DA:13,10
DA:15,12
DA:16,4
DA:17,4
DA:18,4
DA:19,4
DA:20,4
DA:21,4
DA:24,4
DA:25,4
DA:26,4
DA:27,4
DA:29,4
DA:31,4
DA:32,0
DA:33,0
DA:37,0
DA:39,0
DA:40,0
DA:41,0
DA:43,0
DA:49,0
DA:51,0
DA:60,4
DA:61,0
DA:62,0
DA:64,0
DA:65,0
DA:68,0
DA:69,0
DA:81,0
DA:94,0
DA:95,0
DA:100,4
DA:104,4
DA:116,0
DA:129,0
DA:136,0
DA:146,0
DA:147,0
DA:149,0
DA:176,10
LF:52
LH:28
BRDA:17,0,0,4
BRDA:17,0,1,0
BRDA:17,1,0,4
BRDA:17,1,1,4
BRDA:17,2,0,0
BRDA:17,2,1,4
BRDA:17,3,0,4
BRDA:17,3,1,4
BRDA:18,4,0,4
BRDA:18,4,1,0
BRDA:18,5,0,4
BRDA:18,5,1,4
BRDA:18,6,0,0
BRDA:18,6,1,4
BRDA:18,7,0,4
BRDA:18,7,1,4
BRDA:19,8,0,4
BRDA:19,8,1,0
BRDA:19,9,0,4
BRDA:19,9,1,4
BRDA:19,10,0,0
BRDA:19,10,1,4
BRDA:19,11,0,4
BRDA:19,11,1,4
BRDA:20,12,0,4
BRDA:20,12,1,0
BRDA:20,13,0,4
BRDA:20,13,1,4
BRDA:20,14,0,0
BRDA:20,14,1,4
BRDA:20,15,0,4
BRDA:20,15,1,4
BRDA:22,16,0,0
BRDA:22,16,1,4
BRDA:22,17,0,0
BRDA:22,17,1,4
BRDA:22,18,0,4
BRDA:22,18,1,4
BRDA:24,19,0,0
BRDA:24,19,1,4
BRDA:24,20,0,0
BRDA:24,20,1,4
BRDA:24,21,0,4
BRDA:24,21,1,4
BRDA:25,22,0,2
BRDA:25,22,1,2
BRDA:26,23,0,2
BRDA:26,23,1,2
BRDA:33,24,0,0
BRDA:39,25,0,0
BRDA:39,25,1,0
BRDA:61,26,0,0
BRDA:61,26,1,0
BRDA:61,27,0,0
BRDA:61,27,1,0
BRDA:61,28,0,0
BRDA:61,28,1,0
BRDA:61,29,0,0
BRDA:61,29,1,0
BRDA:62,30,0,0
BRDA:62,30,1,0
BRDA:62,31,0,0
BRDA:62,31,1,0
BRDA:62,32,0,0
BRDA:62,32,1,0
BRDA:62,33,0,0
BRDA:62,33,1,0
BRDA:64,34,0,0
BRDA:64,34,1,0
BRDA:64,35,0,0
BRDA:64,35,1,0
BRDA:64,35,2,0
BRDA:68,36,0,0
BRDA:68,36,1,0
BRDA:68,37,0,0
BRDA:68,37,1,0
BRDA:68,38,0,0
BRDA:68,38,1,0
BRDA:82,39,0,0
BRDA:82,39,1,0
BRDA:82,39,2,0
BRDA:83,40,0,0
BRDA:83,40,1,0
BRDA:83,40,2,0
BRDA:84,41,0,0
BRDA:84,41,1,0
BRDA:84,41,2,0
BRDA:85,42,0,0
BRDA:85,42,1,0
BRDA:88,43,0,0
BRDA:88,43,1,0
BRDA:91,44,0,0
BRDA:91,44,1,0
BRDA:94,45,0,0
BRDA:94,45,1,0
BRDA:95,46,0,0
BRDA:95,46,1,0
BRDA:95,47,0,0
BRDA:95,47,1,0
BRDA:106,48,0,4
BRDA:106,48,1,0
BRDA:106,49,0,4
BRDA:106,49,1,4
BRDA:106,50,0,0
BRDA:106,50,1,4
BRDA:106,51,0,4
BRDA:106,51,1,4
BRDA:107,52,0,4
BRDA:107,52,1,2
BRDA:118,53,0,4
BRDA:118,53,1,0
BRDA:118,53,2,0
BRDA:146,54,0,0
BRDA:146,54,1,0
BRDA:156,55,0,4
BRDA:156,55,1,0
BRDA:156,55,2,0
BRDA:165,56,0,4
BRDA:165,56,1,0
BRDA:165,56,2,0
BRF:120
BRH:47
end_of_record
TN:
SF:src/components/Company/InsurancePanel/InsuranceItem.tsx
FN:20,(anonymous_2)
FN:24,(anonymous_3)
FN:109,(anonymous_4)
FN:109,(anonymous_5)
FNF:4
FNH:0
FNDA:0,(anonymous_2)
FNDA:0,(anonymous_3)
FNDA:0,(anonymous_4)
FNDA:0,(anonymous_5)
DA:1,10
DA:2,10
DA:3,10
DA:4,10
DA:5,10
DA:6,10
DA:8,10
DA:9,10
DA:20,10
DA:21,0
DA:22,0
DA:24,0
DA:25,0
DA:28,0
DA:109,0
DA:123,10
LF:16
LH:10
BRDA:25,0,0,0
BRDA:25,0,1,0
BRDA:33,1,0,0
BRDA:33,1,1,0
BRDA:79,2,0,0
BRDA:79,2,1,0
BRDA:87,3,0,0
BRDA:87,3,1,0
BRDA:94,4,0,0
BRDA:94,4,1,0
BRDA:105,5,0,0
BRDA:105,5,1,0
BRDA:115,6,0,0
BRDA:115,6,1,0
BRDA:115,7,0,0
BRDA:115,7,1,0
BRDA:115,8,0,0
BRDA:115,8,1,0
BRDA:115,9,0,0
BRDA:115,9,1,0
BRDA:115,10,0,0
BRDA:115,10,1,0
BRDA:115,11,0,0
BRDA:115,11,1,0
BRF:24
BRH:0
end_of_record
TN:
SF:src/components/Company/InsurancePanel/InsuranceItemRow.tsx
FN:11,(anonymous_2)
FN:18,(anonymous_3)
FN:26,(anonymous_4)
FNF:3
FNH:2
FNDA:35,(anonymous_2)
FNDA:16,(anonymous_3)
FNDA:0,(anonymous_4)
DA:1,10
DA:2,10
DA:3,10
DA:4,10
DA:5,10
DA:6,10
DA:8,10
DA:9,10
DA:11,10
DA:12,35
DA:13,35
DA:15,35
DA:16,35
DA:18,35
DA:19,16
DA:22,35
DA:26,0
DA:63,10
LF:18
LH:17
BRDA:15,0,0,35
BRDA:15,0,1,0
BRDA:19,1,0,16
BRDA:19,1,1,0
BRDA:24,2,0,35
BRDA:24,2,1,0
BRDA:37,3,0,0
BRDA:37,3,1,35
BRDA:49,4,0,35
BRDA:49,4,1,0
BRDA:49,5,0,35
BRDA:49,5,1,35
BRF:12
BRH:7
end_of_record
TN:
SF:src/components/Company/InsurancePanel/InsurancePanel.tsx
FN:17,(anonymous_9)
FN:20,(anonymous_10)
FN:22,(anonymous_11)
FN:37,(anonymous_12)
FN:44,(anonymous_13)
FN:44,(anonymous_14)
FN:49,(anonymous_15)
FN:49,(anonymous_16)
FN:85,(anonymous_17)
FN:97,(anonymous_18)
FNF:10
FNH:10
FNDA:20,(anonymous_9)
FNDA:8,(anonymous_10)
FNDA:16,(anonymous_11)
FNDA:8,(anonymous_12)
FNDA:9,(anonymous_13)
FNDA:18,(anonymous_14)
FNDA:8,(anonymous_15)
FNDA:16,(anonymous_16)
FNDA:1,(anonymous_17)
FNDA:1,(anonymous_18)
DA:1,10
DA:2,10
DA:3,10
DA:4,10
DA:5,10
DA:6,10
DA:7,10
DA:9,10
[...]
FNDA:0,(anonymous_63)
FNDA:0,(anonymous_64)
FNDA:0,(anonymous_65)
FNDA:0,(anonymous_66)
FNDA:0,(anonymous_67)
FNDA:0,(anonymous_68)
FNDA:0,(anonymous_69)
FNDA:0,(anonymous_70)
FNDA:0,(anonymous_71)
FNDA:0,(anonymous_72)
FNDA:0,(anonymous_73)
DA:1,25
DA:140,25
DA:188,25
DA:193,0
DA:196,0
DA:197,0
DA:198,0
DA:199,0
DA:200,0
DA:201,0
DA:202,0
DA:203,0
DA:206,0
DA:209,0
DA:212,0
DA:215,0
DA:218,0
DA:221,0
DA:224,0
DA:227,0
DA:230,0
DA:233,0
DA:236,0
DA:239,0
DA:242,0
DA:245,0
DA:248,0
DA:251,0
DA:254,0
DA:257,0
DA:260,0
DA:263,0
DA:266,0
DA:269,0
DA:272,0
DA:275,0
DA:278,0
DA:281,0
DA:284,0
DA:287,0
DA:290,0
DA:293,0
DA:296,0
DA:299,0
DA:302,0
DA:305,0
DA:308,0
DA:311,0
DA:314,0
DA:317,0
DA:320,0
DA:323,0
DA:326,0
DA:329,0
DA:332,0
DA:335,0
DA:338,1
DA:341,0
DA:344,0
DA:347,0
DA:350,3
DA:353,0
DA:356,0
DA:359,0
DA:362,0
DA:365,0
DA:368,2
DA:371,0
DA:374,0
DA:377,0
DA:380,0
DA:383,0
DA:386,0
DA:389,0
DA:392,0
DA:395,0
DA:398,0
DA:399,0
DA:403,0
DA:405,0
DA:408,0
DA:410,0
DA:412,0
DA:483,0
DA:486,0
DA:489,0
DA:492,0
DA:499,25
DA:572,25
LF:89
LH:8
BRDA:203,0,0,0
BRDA:203,0,1,0
BRDA:399,1,0,0
BRDA:399,1,1,0
BRDA:404,2,0,0
BRDA:404,2,1,0
BRDA:409,3,0,0
BRDA:409,3,1,0
BRDA:417,4,0,0
BRDA:417,4,1,0
BRDA:420,5,0,0
BRDA:420,5,1,0
BRDA:462,6,0,0
BRDA:462,6,1,0
BRDA:463,7,0,0
BRDA:463,7,1,0
BRF:16
BRH:0
end_of_record
TN:
SF:src/stores/features/projects.tsx
FN:59,(anonymous_0)
FN:62,(anonymous_1)
FN:65,(anonymous_2)
FN:68,(anonymous_3)
FN:71,(anonymous_4)
FN:74,(anonymous_5)
FN:77,(anonymous_6)
FN:80,(anonymous_7)
FN:83,(anonymous_8)
FN:86,(anonymous_9)
FN:89,(anonymous_10)
FN:92,(anonymous_11)
FN:95,(anonymous_12)
FN:98,(anonymous_13)
FN:101,(anonymous_14)
FN:104,(anonymous_15)
FN:107,(anonymous_16)
FN:110,(anonymous_17)
FN:113,(anonymous_18)
FN:124,(anonymous_19)
FN:127,(anonymous_20)
FNF:21
FNH:2
FNDA:0,(anonymous_0)
FNDA:0,(anonymous_1)
FNDA:0,(anonymous_2)
FNDA:0,(anonymous_3)
FNDA:2,(anonymous_4)
FNDA:0,(anonymous_5)
FNDA:0,(anonymous_6)
FNDA:0,(anonymous_7)
FNDA:0,(anonymous_8)
FNDA:0,(anonymous_9)
FNDA:0,(anonymous_10)
FNDA:0,(anonymous_11)
FNDA:0,(anonymous_12)
FNDA:0,(anonymous_13)
FNDA:0,(anonymous_14)
FNDA:0,(anonymous_15)
FNDA:0,(anonymous_16)
FNDA:0,(anonymous_17)
FNDA:1,(anonymous_18)
FNDA:0,(anonymous_19)
FNDA:0,(anonymous_20)
DA:1,19
DA:3,19
DA:32,19
DA:55,19
DA:60,0
DA:63,0
DA:66,0
DA:69,0
DA:72,2
DA:75,0
DA:78,0
DA:81,0
DA:84,0
DA:87,0
DA:90,0
DA:93,0
DA:96,0
DA:99,0
DA:102,0
DA:105,0
DA:108,0
DA:111,0
DA:114,1
DA:115,1
DA:116,1
DA:117,1
DA:118,1
DA:119,1
DA:120,1
DA:121,1
DA:122,1
DA:125,0
DA:128,0
DA:134,19
DA:157,19
LF:35
LH:16
BRDA:66,0,0,0
BRDA:66,0,1,0
BRDA:66,1,0,0
BRDA:66,1,1,0
BRF:4
BRH:0
end_of_record
TN:
SF:src/utils/address.ts
FN:9,getAddress
FNF:1
FNH:0
FNDA:0,getAddress
DA:1,1
DA:9,1
DA:11,0
DA:12,0
DA:14,0
DA:20,0
LF:6
LH:2
BRF:0
BRH:0
end_of_record
TN:
SF:src/utils/apiClient.tsx
FN:12,(anonymous_16)
FN:25,(anonymous_19)
FNF:2
FNH:0
FNDA:0,(anonymous_16)
FNDA:0,(anonymous_19)
DA:1,2
DA:2,2
DA:3,2
DA:12,2
DA:13,0
DA:14,0
DA:20,0
DA:25,0
DA:29,0
DA:30,0
DA:32,0
DA:33,0
DA:37,2
LF:13
LH:5
BRF:0
BRH:0
end_of_record
TN:
SF:src/utils/constants.ts
FNF:0
FNH:0
DA:1,41
DA:427,41
DA:608,41
DA:668,41
DA:670,41
DA:680,41
DA:682,41
DA:684,41
LF:8
LH:8
BRF:0
BRH:0
end_of_record
TN:
SF:src/utils/dataMapper.ts
FN:12,capitalizeFirstLetter
FN:16,(anonymous_11)
FN:19,(anonymous_12)
FN:24,(anonymous_13)
FN:46,(anonymous_14)
FN:65,(anonymous_15)
FN:67,(anonymous_16)
FN:82,(anonymous_17)
FN:93,(anonymous_18)
FN:95,(anonymous_19)
FN:96,(anonymous_20)
FN:97,(anonymous_21)
FN:112,(anonymous_22)
FN:116,(anonymous_23)
FN:122,(anonymous_24)
FN:127,(anonymous_25)
FN:139,(anonymous_26)
FN:141,(anonymous_27)
FN:149,(anonymous_28)
FN:163,(anonymous_29)
FN:170,(anonymous_30)
FN:173,(anonymous_31)
FN:188,(anonymous_32)
FN:206,(anonymous_33)
FN:228,(anonymous_34)
FN:244,(anonymous_35)
FN:245,(anonymous_36)
FN:266,(anonymous_37)
FN:280,(anonymous_38)
FN:285,(anonymous_39)
FN:290,(anonymous_40)
FN:293,(anonymous_41)
FN:297,(anonymous_42)
FN:306,(anonymous_43)
FN:310,(anonymous_44)
FN:320,(anonymous_45)
FN:334,(anonymous_46)
FN:335,(anonymous_47)
FN:341,(anonymous_48)
FN:360,(anonymous_49)
FN:370,(anonymous_50)
FN:373,(anonymous_51)
FN:374,(anonymous_52)
FN:385,(anonymous_53)
FN:388,(anonymous_54)
FNF:45
FNH:12
FNDA:94,capitalizeFirstLetter
FNDA:20,(anonymous_11)
FNDA:1,(anonymous_12)
FNDA:1,(anonymous_13)
FNDA:0,(anonymous_14)
FNDA:0,(anonymous_15)
FNDA:0,(anonymous_16)
FNDA:1,(anonymous_17)
FNDA:1,(anonymous_18)
FNDA:1,(anonymous_19)
FNDA:0,(anonymous_20)
FNDA:1,(anonymous_21)
FNDA:0,(anonymous_22)
FNDA:0,(anonymous_23)
FNDA:0,(anonymous_24)
FNDA:0,(anonymous_25)
FNDA:0,(anonymous_26)
FNDA:0,(anonymous_27)
FNDA:2,(anonymous_28)
FNDA:0,(anonymous_29)
FNDA:0,(anonymous_30)
FNDA:0,(anonymous_31)
FNDA:0,(anonymous_32)
FNDA:0,(anonymous_33)
FNDA:0,(anonymous_34)
FNDA:0,(anonymous_35)
FNDA:0,(anonymous_36)
FNDA:0,(anonymous_37)
FNDA:0,(anonymous_38)
FNDA:20,(anonymous_39)
FNDA:0,(anonymous_40)
FNDA:0,(anonymous_41)
FNDA:0,(anonymous_42)
FNDA:0,(anonymous_43)
FNDA:0,(anonymous_44)
FNDA:0,(anonymous_45)
FNDA:0,(anonymous_46)
FNDA:0,(anonymous_47)
FNDA:0,(anonymous_48)
FNDA:0,(anonymous_49)
FNDA:0,(anonymous_50)
FNDA:0,(anonymous_51)
FNDA:0,(anonymous_52)
FNDA:22,(anonymous_53)
FNDA:33,(anonymous_54)
DA:1,41
DA:2,41
DA:3,41
DA:4,41
DA:5,41
DA:8,41
DA:9,41
DA:10,41
DA:13,94
DA:16,41
DA:19,41
DA:20,1
DA:21,1
DA:23,1
DA:24,1
DA:25,1
DA:26,1
DA:28,1
DA:29,0
DA:31,1
DA:32,1
DA:43,1
DA:46,41
DA:47,0
DA:49,0
DA:65,41
DA:66,0
DA:67,0
DA:68,0
DA:69,0
DA:71,0
DA:79,0
DA:82,41
DA:86,1
DA:87,1
DA:93,1
DA:94,1
DA:95,1
DA:96,0
DA:97,1
DA:99,1
DA:100,1
DA:101,1
DA:109,0
DA:112,41
DA:113,0
DA:116,0
DA:122,0
DA:123,0
DA:124,0
DA:127,0
DA:130,41
DA:139,41
DA:140,0
DA:141,0
DA:142,0
DA:143,0
DA:146,0
DA:149,41
DA:150,2
DA:159,2
DA:160,2
DA:163,41
DA:164,0
DA:165,0
DA:166,0
DA:167,0
DA:168,0
DA:170,0
DA:171,0
DA:172,0
DA:174,0
DA:186,0
DA:187,0
DA:189,0
DA:204,0
DA:205,0
DA:207,0
DA:227,0
DA:228,0
DA:229,0
DA:244,0
DA:246,0
DA:252,0
DA:254,0
DA:255,0
DA:256,0
DA:257,0
DA:259,0
DA:261,0
DA:267,0
DA:276,0
DA:277,0
DA:280,0
DA:281,0
DA:285,41
DA:286,20
DA:287,20
DA:289,0
DA:290,0
DA:292,0
DA:293,0
DA:295,0
DA:296,0
DA:298,0
DA:305,0
DA:306,0
DA:308,0
DA:309,0
DA:311,0
DA:318,0
DA:319,0
DA:321,0
DA:329,0
DA:330,0
DA:334,41
DA:335,0
DA:336,0
DA:337,0
DA:338,0
DA:339,0
DA:341,0
DA:342,0
DA:343,0
DA:344,0
DA:345,0
DA:348,0
DA:356,0
DA:360,41
DA:361,0
DA:362,0
DA:363,0
DA:364,0
DA:367,0
DA:370,41
DA:371,0
DA:373,0
DA:374,0
DA:375,0
DA:379,0
DA:385,41
DA:386,22
DA:387,22
DA:388,22
DA:389,33
DA:390,33
DA:391,33
DA:394,22
DA:398,41
DA:399,41
DA:400,41
DA:401,41
DA:402,41
DA:403,41
DA:404,41
DA:405,41
DA:406,41
DA:407,41
DA:408,41
DA:409,41
DA:410,41
DA:411,41
DA:412,41
DA:413,41
LF:164
LH:71
BRDA:13,0,0,94
BRDA:13,0,1,82
BRDA:17,1,0,18
BRDA:17,1,1,2
BRDA:16,2,0,20
BRDA:16,2,1,20
BRDA:17,3,0,18
BRDA:17,3,1,2
BRDA:16,4,0,20
BRDA:16,4,1,20
BRDA:17,5,0,0
BRDA:17,5,1,20
BRDA:17,6,0,20
BRDA:17,6,1,20
BRDA:17,7,0,0
BRDA:17,7,1,2
BRDA:17,8,0,2
BRDA:17,8,1,2
BRDA:19,9,0,0
BRDA:19,9,1,1
BRDA:23,10,0,1
BRDA:23,10,1,0
BRDA:23,11,0,0
BRDA:23,11,1,1
BRDA:23,12,0,1
BRDA:23,12,1,1
BRDA:28,13,0,0
BRDA:28,13,1,1
BRDA:28,14,0,1
BRDA:28,14,1,0
BRDA:28,15,0,1
BRDA:28,15,1,1
BRDA:29,16,0,0
BRDA:29,16,1,0
BRDA:31,17,0,1
BRDA:31,17,1,0
BRDA:31,18,0,1
BRDA:31,18,1,1
BRDA:31,19,0,0
BRDA:31,19,1,1
BRDA:31,20,0,1
BRDA:31,20,1,1
BRDA:36,21,0,0
BRDA:36,21,1,1
BRDA:36,22,0,1
BRDA:36,22,1,1
BRDA:36,23,0,1
BRDA:36,23,1,0
BRDA:36,24,0,1
BRDA:36,24,1,1
BRDA:36,25,0,0
BRDA:36,25,1,1
BRDA:36,26,0,1
BRDA:36,26,1,1
BRDA:37,27,0,1
BRDA:37,27,1,0
BRDA:37,28,0,0
BRDA:37,28,1,1
BRDA:37,29,0,1
BRDA:37,29,1,1
BRDA:37,30,0,1
BRDA:37,30,1,0
BRDA:37,31,0,1
BRDA:37,31,1,1
BRDA:37,32,0,0
BRDA:37,32,1,1
BRDA:37,33,0,1
BRDA:37,33,1,1
BRDA:47,34,0,0
BRDA:47,34,1,0
BRDA:47,35,0,0
BRDA:47,35,1,0
BRDA:47,36,0,0
BRDA:47,36,1,0
BRDA:47,37,0,0
BRDA:47,37,1,0
BRDA:50,38,0,0
BRDA:50,38,1,0
BRDA:51,39,0,0
BRDA:51,39,1,0
BRDA:52,40,0,0
BRDA:52,40,1,0
BRDA:53,41,0,0
BRDA:53,41,1,0
BRDA:54,42,0,0
BRDA:54,42,1,0
BRDA:55,43,0,0
BRDA:55,43,1,0
BRDA:56,44,0,0
BRDA:56,44,1,0
BRDA:57,45,0,0
BRDA:57,45,1,0
BRDA:58,46,0,0
BRDA:58,46,1,0
BRDA:59,47,0,0
BRDA:59,47,1,0
BRDA:61,48,0,0
BRDA:61,48,1,0
BRDA:66,49,0,0
BRDA:66,49,1,0
BRDA:66,50,0,0
BRDA:66,50,1,0
BRDA:66,51,0,0
BRDA:66,51,1,0
BRDA:66,52,0,0
BRDA:66,52,1,0
BRDA:66,53,0,0
BRDA:66,53,1,0
BRDA:68,54,0,0
BRDA:68,54,1,0
BRDA:69,55,0,0
BRDA:69,55,1,0
BRDA:86,56,0,1
BRDA:86,56,1,0
BRDA:86,57,0,0
BRDA:86,57,1,1
BRDA:86,58,0,1
BRDA:86,58,1,1
BRDA:86,59,0,0
BRDA:86,59,1,1
BRDA:86,60,0,1
BRDA:86,60,1,1
BRDA:94,61,0,1
BRDA:94,61,1,0
BRDA:96,62,0,0
BRDA:96,62,1,0
BRDA:99,63,0,0
BRDA:99,63,1,1
BRDA:100,64,0,0
BRDA:100,64,1,1
BRDA:104,65,0,1
BRDA:104,65,1,0
BRDA:123,66,0,0
BRDA:123,66,1,0
BRDA:123,67,0,0
BRDA:123,67,1,0
BRDA:123,68,0,0
BRDA:123,68,1,0
BRDA:124,69,0,0
BRDA:124,69,1,0
BRDA:124,70,0,0
BRDA:124,70,1,0
BRDA:124,71,0,0
BRDA:124,71,1,0
BRDA:124,72,0,0
BRDA:124,72,1,0
BRDA:124,73,0,0
BRDA:124,73,1,0
BRDA:124,74,0,0
BRDA:124,74,1,0
BRDA:124,75,0,0
BRDA:124,75,1,0
BRDA:124,76,0,0
BRDA:124,76,1,0
BRDA:142,77,0,0
BRDA:142,77,1,0
BRDA:142,78,0,0
BRDA:142,78,1,0
BRDA:159,79,0,2
BRDA:159,79,1,0
BRDA:159,80,0,2
BRDA:159,80,1,0
BRDA:164,81,0,0
BRDA:164,81,1,0
BRDA:164,82,0,0
BRDA:164,82,1,0
BRDA:164,83,0,0
BRDA:164,83,1,0
BRDA:164,84,0,0
BRDA:164,84,1,0
BRDA:170,85,0,0
BRDA:170,85,1,0
BRDA:170,86,0,0
BRDA:170,86,1,0
BRDA:171,87,0,0
BRDA:171,87,1,0
BRDA:171,88,0,0
BRDA:171,88,1,0
BRDA:171,89,0,0
BRDA:171,89,1,0
BRDA:172,90,0,0
BRDA:172,90,1,0
BRDA:172,91,0,0
BRDA:172,91,1,0
BRDA:173,92,0,0
BRDA:173,92,1,0
BRDA:172,93,0,0
BRDA:172,93,1,0
BRDA:173,94,0,0
BRDA:173,94,1,0
BRDA:173,95,0,0
BRDA:173,95,1,0
BRDA:175,96,0,0
BRDA:175,96,1,0
BRDA:175,97,0,0
BRDA:175,97,1,0
BRDA:176,98,0,0
BRDA:176,98,1,0
BRDA:176,99,0,0
BRDA:176,99,1,0
BRDA:186,100,0,0
BRDA:186,100,1,0
BRDA:186,101,0,0
BRDA:186,101,1,0
BRDA:186,102,0,0
BRDA:186,102,1,0
BRDA:188,103,0,0
BRDA:188,103,1,0
BRDA:187,104,0,0
BRDA:187,104,1,0
BRDA:188,105,0,0
BRDA:188,105,1,0
BRDA:188,106,0,0
BRDA:188,106,1,0
BRDA:190,107,0,0
BRDA:190,107,1,0
BRDA:190,108,0,0
BRDA:190,108,1,0
BRDA:191,109,0,0
BRDA:191,109,1,0
BRDA:191,110,0,0
BRDA:191,110,1,0
BRDA:192,111,0,0
BRDA:192,111,1,0
BRDA:192,112,0,0
BRDA:192,112,1,0
BRDA:204,113,0,0
BRDA:204,113,1,0
BRDA:204,114,0,0
BRDA:204,114,1,0
BRDA:204,115,0,0
BRDA:204,115,1,0
BRDA:206,116,0,0
BRDA:206,116,1,0
BRDA:205,117,0,0
BRDA:205,117,1,0
BRDA:206,118,0,0
BRDA:206,118,1,0
BRDA:206,119,0,0
BRDA:206,119,1,0
BRDA:208,120,0,0
BRDA:208,120,1,0
BRDA:208,121,0,0
BRDA:208,121,1,0
BRDA:209,122,0,0
BRDA:209,122,1,0
BRDA:209,123,0,0
BRDA:209,123,1,0
BRDA:215,124,0,0
BRDA:215,124,1,0
BRDA:215,125,0,0
BRDA:215,125,1,0
BRDA:218,126,0,0
BRDA:218,126,1,0
BRDA:218,127,0,0
BRDA:218,127,1,0
BRDA:235,128,0,0
BRDA:235,128,1,0
BRDA:235,129,0,0
BRDA:235,129,1,0
BRDA:235,130,0,0
BRDA:235,130,1,0
BRDA:235,131,0,0
BRDA:235,131,1,0
BRDA:236,132,0,0
BRDA:236,132,1,0
BRDA:236,133,0,0
BRDA:236,133,1,0
BRDA:236,134,0,0
BRDA:236,134,1,0
BRDA:236,135,0,0
BRDA:236,135,1,0
BRDA:236,136,0,0
BRDA:236,136,1,0
BRDA:236,137,0,0
BRDA:236,137,1,0
BRDA:236,138,0,0
BRDA:236,138,1,0
BRDA:236,139,0,0
BRDA:236,139,1,0
BRDA:237,140,0,0
BRDA:237,140,1,0
BRDA:237,141,0,0
BRDA:237,141,1,0
BRDA:237,142,0,0
BRDA:237,142,1,0
BRDA:237,143,0,0
BRDA:237,143,1,0
BRDA:240,144,0,0
BRDA:240,144,1,0
BRDA:239,145,0,0
BRDA:239,145,1,0
BRDA:239,146,0,0
BRDA:239,146,1,0
BRDA:239,147,0,0
BRDA:239,147,1,0
BRDA:239,148,0,0
BRDA:239,148,1,0
BRDA:241,149,0,0
BRDA:241,149,1,0
BRDA:241,150,0,0
BRDA:241,150,1,0
BRDA:241,151,0,0
BRDA:241,151,1,0
BRDA:241,152,0,0
BRDA:241,152,1,0
BRDA:242,153,0,0
BRDA:242,153,1,0
BRDA:242,154,0,0
BRDA:242,154,1,0
BRDA:243,155,0,0
BRDA:243,155,1,0
BRDA:243,156,0,0
BRDA:243,156,1,0
BRDA:243,157,0,0
BRDA:243,157,1,0
BRDA:243,158,0,0
BRDA:243,158,1,0
BRDA:246,159,0,0
BRDA:246,159,1,0
BRDA:268,160,0,0
BRDA:268,160,1,0
BRDA:276,161,0,0
BRDA:276,161,1,0
BRDA:286,162,0,20
BRDA:286,162,1,0
BRDA:286,163,0,20
BRDA:286,163,1,20
BRDA:286,163,2,20
BRDA:289,164,0,0
BRDA:289,164,1,0
BRDA:289,165,0,0
BRDA:289,165,1,0
BRDA:289,165,2,0
BRDA:290,166,0,0
BRDA:290,166,1,0
BRDA:292,167,0,0
BRDA:292,167,1,0
BRDA:292,168,0,0
BRDA:292,168,1,0
BRDA:292,168,2,0
BRDA:295,169,0,0
BRDA:295,169,1,0
BRDA:295,170,0,0
BRDA:295,170,1,0
BRDA:295,170,2,0
BRDA:298,171,0,0
BRDA:298,171,1,0
BRDA:298,171,2,0
BRDA:298,171,3,0
BRDA:305,172,0,0
BRDA:305,172,1,0
BRDA:305,173,0,0
BRDA:305,173,1,0
BRDA:305,173,2,0
BRDA:306,174,0,0
BRDA:306,174,1,0
BRDA:308,175,0,0
BRDA:308,175,1,0
BRDA:308,176,0,0
BRDA:308,176,1,0
BRDA:308,176,2,0
BRDA:311,177,0,0
BRDA:311,177,1,0
BRDA:311,177,2,0
BRDA:311,177,3,0
BRDA:318,178,0,0
BRDA:318,178,1,0
BRDA:318,179,0,0
BRDA:318,179,1,0
BRDA:318,179,2,0
BRDA:321,180,0,0
BRDA:321,180,1,0
BRDA:321,180,2,0
BRDA:321,180,3,0
BRDA:321,180,4,0
BRDA:329,181,0,0
BRDA:329,181,1,0
BRDA:329,182,0,0
BRDA:329,182,1,0
BRDA:329,182,2,0
BRDA:336,183,0,0
BRDA:336,183,1,0
BRDA:336,184,0,0
BRDA:336,184,1,0
BRDA:341,185,0,0
BRDA:341,185,1,0
BRDA:342,186,0,0
BRDA:342,186,1,0
BRDA:344,187,0,0
BRDA:344,187,1,0
BRDA:363,188,0,0
BRDA:363,188,1,0
BRDA:363,189,0,0
BRDA:363,189,1,0
BRDA:363,190,0,0
BRDA:363,190,1,0
BRDA:363,191,0,0
BRDA:363,191,1,0
BRDA:363,192,0,0
BRDA:363,192,1,0
BRDA:374,193,0,0
BRDA:374,193,1,0
BRDA:388,194,0,0
BRDA:388,194,1,22
BRDA:388,195,0,22
BRDA:388,195,1,22
BRDA:389,196,0,33
BRDA:389,196,1,0
BRF:409
BRH:71
end_of_record
TN:
SF:src/utils/date.ts
FN:9,(anonymous_1)
FN:19,(anonymous_2)
FN:21,(anonymous_3)
FN:28,(anonymous_4)
FN:42,(anonymous_5)
FN:46,(anonymous_6)
FN:57,(anonymous_7)
FN:67,(anonymous_8)
FN:71,(anonymous_9)
FN:75,(anonymous_10)
FN:87,(anonymous_11)
FN:92,(anonymous_12)
FN:98,(anonymous_13)
FNF:13
FNH:7
FNDA:8,(anonymous_1)
FNDA:86,(anonymous_2)
FNDA:81,(anonymous_3)
FNDA:0,(anonymous_4)
FNDA:2,(anonymous_5)
FNDA:0,(anonymous_6)
FNDA:0,(anonymous_7)
FNDA:0,(anonymous_8)
FNDA:1,(anonymous_9)
FNDA:0,(anonymous_10)
FNDA:0,(anonymous_11)
FNDA:11,(anonymous_12)
FNDA:1,(anonymous_13)
DA:1,43
DA:3,43
DA:9,43
DA:10,8
DA:11,8
DA:12,8
DA:14,8
DA:15,8
DA:16,8
DA:19,129
DA:21,43
DA:22,81
DA:23,78
DA:25,3
DA:28,43
DA:29,0
DA:30,0
DA:37,0
DA:39,0
DA:42,43
DA:43,2
DA:46,43
DA:48,0
DA:54,0
DA:57,43
DA:59,0
DA:64,0
DA:67,43
DA:68,0
DA:71,43
DA:72,1
DA:75,43
DA:76,0
DA:78,0
DA:79,0
DA:80,0
DA:82,0
DA:87,43
DA:88,0
DA:89,0
DA:92,43
DA:93,11
DA:94,11
DA:95,11
DA:98,43
DA:99,1
DA:100,1
DA:104,43
DA:105,43
DA:106,43
DA:107,43
DA:108,43
DA:109,43
DA:110,43
DA:111,43
DA:112,43
DA:113,43
DA:114,43
DA:115,43
LF:59
LH:43
BRDA:19,0,0,86
BRDA:19,0,1,0
BRDA:19,1,0,86
BRDA:19,1,1,86
BRDA:19,2,0,0
BRDA:19,2,1,86
BRDA:19,3,0,86
BRDA:19,3,1,86
BRDA:22,4,0,78
BRDA:22,4,1,3
BRDA:29,5,0,0
BRDA:29,5,1,0
BRDA:68,6,0,0
BRDA:68,6,1,0
BRDA:72,7,0,0
BRDA:72,7,1,1
BRF:16
BRH:9
end_of_record
TN:
SF:src/utils/email.ts
FN:17,sendExternalUploadNotification
FN:31,sendExternalUploadNotificationSlack
FNF:2
FNH:2
FNDA:1,sendExternalUploadNotification
FNDA:1,sendExternalUploadNotificationSlack
DA:1,1
DA:17,1
DA:19,1
DA:26,1
DA:28,0
DA:31,1
DA:33,1
DA:40,1
DA:42,0
LF:9
LH:7
BRDA:26,0,0,1
BRDA:40,1,0,1
BRF:2
BRH:2
end_of_record
TN:
SF:src/utils/file.ts
FN:4,(anonymous_16)
FN:15,(anonymous_17)
FN:16,(anonymous_18)
FN:24,(anonymous_19)
FN:27,(anonymous_20)
FN:30,(anonymous_21)
FN:35,(anonymous_22)
FN:45,(anonymous_23)
FN:59,(anonymous_24)
FN:59,(anonymous_25)
FNF:10
FNH:7
FNDA:1,(anonymous_16)
FNDA:2,(anonymous_17)
FNDA:2,(anonymous_18)
FNDA:1,(anonymous_19)
FNDA:2,(anonymous_20)
FNDA:0,(anonymous_21)
FNDA:0,(anonymous_22)
FNDA:0,(anonymous_23)
FNDA:2,(anonymous_24)
FNDA:2,(anonymous_25)
DA:1,13
DA:2,13
DA:4,13
DA:5,1
DA:6,1
DA:7,0
DA:8,0
DA:9,0
DA:10,0
DA:12,0
DA:15,13
DA:16,2
DA:17,2
DA:24,1
DA:27,2
DA:30,13
DA:31,0
DA:32,0
DA:34,0
DA:35,0
DA:45,0
DA:46,0
DA:47,0
DA:50,0
DA:51,0
DA:52,0
DA:53,0
DA:54,0
DA:56,0
DA:59,13
DA:60,2
DA:63,1
DA:66,1
DA:69,1
DA:70,1
DA:71,1
DA:72,1
DA:73,1
DA:74,1
DA:75,1
DA:77,1
DA:86,2
DA:88,1
LF:43
LH:25
BRDA:6,0,0,1
BRDA:6,0,1,0
BRDA:60,1,0,1
BRDA:60,1,1,1
BRDA:72,2,0,1
BRDA:72,2,1,1
BRDA:72,3,0,1
BRDA:72,3,1,0
BRDA:72,4,0,1
BRDA:72,4,1,1
BRF:10
BRH:8
end_of_record
TN:
SF:src/utils/number.ts
FN:6,(anonymous_0)
FN:15,(anonymous_1)
FN:19,(anonymous_2)
FN:23,(anonymous_3)
FN:27,(anonymous_4)
FN:36,(anonymous_5)
FN:41,(anonymous_6)
FN:59,(anonymous_7)
FN:74,(anonymous_8)
FN:78,(anonymous_9)
FN:81,(anonymous_10)
FN:87,(anonymous_11)
FNF:12
FNH:7
FNDA:0,(anonymous_0)
FNDA:10,(anonymous_1)
FNDA:0,(anonymous_2)
FNDA:0,(anonymous_3)
FNDA:534,(anonymous_4)
FNDA:5,(anonymous_5)
FNDA:8,(anonymous_6)
FNDA:0,(anonymous_7)
FNDA:70,(anonymous_8)
FNDA:57,(anonymous_9)
FNDA:0,(anonymous_10)
FNDA:13,(anonymous_11)
DA:1,14
DA:3,14
DA:4,14
DA:6,14
DA:7,0
DA:15,14
DA:16,10
DA:19,14
DA:20,0
DA:23,14
DA:24,0
DA:27,14
DA:28,534
DA:29,0
DA:30,0
DA:32,534
DA:36,14
DA:37,5
DA:38,0
DA:41,14
DA:42,8
DA:44,8
DA:45,5
DA:46,5
DA:48,5
DA:49,5
DA:50,5
DA:53,5
DA:56,8
DA:59,14
DA:62,0
DA:63,0
DA:64,0
DA:65,0
DA:66,0
DA:67,0
DA:69,0
DA:71,0
DA:74,14
DA:75,70
DA:78,14
DA:79,57
DA:81,14
DA:82,0
DA:83,0
DA:84,0
DA:87,14
DA:90,14
DA:91,14
DA:92,14
DA:93,14
DA:94,14
DA:95,14
DA:96,14
DA:97,14
DA:98,14
LF:56
LH:39
BRDA:28,0,0,0
BRDA:28,0,1,534
BRDA:30,1,0,0
BRDA:30,1,1,0
BRDA:37,2,0,5
BRDA:37,2,1,0
BRDA:44,3,0,5
BRDA:44,3,1,3
BRDA:44,4,0,8
BRDA:44,4,1,8
BRDA:48,5,0,5
BRDA:48,5,1,0
BRDA:62,6,0,0
BRDA:62,6,1,0
BRDA:64,7,0,0
BRDA:64,7,1,0
BRDA:66,8,0,0
BRDA:66,8,1,0
BRDA:75,9,0,70
BRDA:75,9,1,0
BRDA:75,10,0,70
BRDA:75,10,1,70
BRDA:79,11,0,57
BRDA:79,11,1,0
BRDA:79,12,0,57
BRDA:79,12,1,57
BRDA:82,13,0,0
BRDA:82,13,1,0
BRDA:82,14,0,0
BRDA:82,14,1,0
BRDA:84,15,0,0
BRDA:84,15,1,0
BRDA:87,16,0,13
BRDA:87,16,1,13
BRF:34
BRH:15
end_of_record
TN:
SF:src/utils/string.ts
FN:6,(anonymous_0)
FN:10,(anonymous_1)
FN:17,(anonymous_2)
FN:27,(anonymous_3)
FN:30,(anonymous_4)
FN:31,(anonymous_5)
FN:38,(anonymous_6)
FN:42,(anonymous_7)
FN:57,(anonymous_8)
FN:59,(anonymous_9)
FN:62,(anonymous_10)
FN:63,(anonymous_11)
FN:66,(anonymous_12)
FNF:13
FNH:4
FNDA:11,(anonymous_0)
FNDA:5,(anonymous_1)
FNDA:0,(anonymous_2)
FNDA:0,(anonymous_3)
FNDA:0,(anonymous_4)
FNDA:0,(anonymous_5)
FNDA:0,(anonymous_6)
FNDA:0,(anonymous_7)
FNDA:6,(anonymous_8)
FNDA:2,(anonymous_9)
FNDA:0,(anonymous_10)
FNDA:0,(anonymous_11)
FNDA:0,(anonymous_12)
DA:1,41
DA:3,41
DA:4,41
DA:6,41
DA:7,11
DA:10,41
DA:11,5
DA:12,5
DA:17,41
DA:18,0
DA:19,0
DA:24,0
DA:27,41
DA:28,0
DA:29,0
DA:30,0
DA:31,0
DA:32,0
DA:33,0
DA:38,41
DA:39,0
DA:42,41
DA:43,0
DA:44,0
DA:46,0
DA:47,0
DA:48,0
DA:49,0
DA:50,0
DA:51,0
DA:53,0
DA:57,41
DA:58,6
DA:59,6
DA:62,41
DA:63,0
DA:66,41
DA:67,0
DA:68,0
LF:39
LH:17
BRDA:7,0,0,11
BRDA:7,0,1,11
BRDA:20,1,0,0
BRDA:20,1,1,0
BRDA:20,2,0,0
BRDA:20,2,1,0
BRDA:20,3,0,0
BRDA:20,3,1,0
BRDA:20,4,0,0
BRDA:20,4,1,0
BRDA:24,5,0,0
BRDA:24,5,1,0
BRDA:24,5,2,0
BRDA:28,6,0,0
BRDA:28,6,1,0
BRDA:29,7,0,0
BRDA:29,7,1,0
BRDA:32,8,0,0
BRDA:32,8,1,0
BRDA:32,9,0,0
BRDA:32,9,1,0
BRDA:33,10,0,0
BRDA:33,10,1,0
BRDA:34,11,0,0
BRDA:34,11,1,0
BRDA:43,12,0,0
BRDA:43,12,1,0
BRDA:46,13,0,0
BRDA:46,13,1,0
BRDA:48,14,0,0
BRDA:48,14,1,0
BRDA:49,15,0,0
BRDA:49,15,1,0
BRDA:50,16,0,0
BRDA:50,16,1,0
BRDA:51,17,0,0
BRDA:51,17,1,0
BRDA:58,18,0,0
BRDA:58,18,1,6
BRDA:59,19,0,0
BRDA:59,19,1,6
BRDA:59,20,0,6
BRDA:59,20,1,6
BRDA:63,21,0,0
BRDA:63,21,1,0
BRDA:63,22,0,0
BRDA:63,22,1,0
BRDA:63,23,0,0
BRDA:63,23,1,0
BRDA:63,24,0,0
BRDA:63,24,1,0
BRDA:63,25,0,0
BRDA:63,25,1,0
BRF:53
BRH:6
end_of_record
TN:
SF:src/utils/companies/expirationInfo.ts
FN:1,(anonymous_0)
FN:9,getExpirationInfo
FN:18,getExpirationDays
FNF:3
FNH:3
FNDA:16,(anonymous_0)
FNDA:2,getExpirationInfo
FNDA:16,getExpirationDays
DA:1,10
DA:2,16
DA:3,16
DA:4,16
DA:5,16
DA:6,16
DA:10,2
DA:11,0
DA:12,2
DA:13,2
DA:15,0
DA:19,16
DA:20,16
DA:21,16
DA:22,0
DA:23,0
DA:24,0
DA:26,0
DA:30,10
LF:19
LH:13
BRDA:10,0,0,0
BRDA:10,0,1,2
BRDA:10,1,0,2
BRDA:10,1,1,0
BRDA:11,2,0,0
BRDA:11,2,1,0
BRDA:12,3,0,2
BRDA:12,3,1,0
BRDA:20,4,0,16
BRDA:20,4,1,0
BRDA:22,5,0,0
BRDA:22,5,1,0
BRDA:24,6,0,0
BRDA:24,6,1,0
BRDA:26,7,0,0
BRDA:26,7,1,0
BRF:16
BRH:4
end_of_record
